日期2015-11-25-14:08:05.
unsubscribe

日期2015-11-25-14:08:40.


日期2015-11-25-14:26:57.
VanY_Y

日期2015-11-25-14:47:26.
og1CTv9bfKXWC_5K7esNDydn3B_s

日期2015-11-25-14:47:31.
og1CTv9bfKXWC_5K7esNDydn3B_s

日期2015-11-25-14:48:16.
lIYuj5CqLjj5BGFesdjObBSRXoP0ce18sKvfokSp8H9YKa3XgD4_MONIIl4-XkVU3hOgLrrV8a0Ru7C0JmI7-UJUzl8cfLuGDku-RMNWslcLRGgAEAFLA

日期2015-11-25-14:48:18.
lIYuj5CqLjj5BGFesdjObBSRXoP0ce18sKvfokSp8H9YKa3XgD4_MONIIl4-XkVU3hOgLrrV8a0Ru7C0JmI7-UJUzl8cfLuGDku-RMNWslcLRGgAEAFLA

日期2015-11-25-14:49:11.
lIYuj5CqLjj5BGFesdjObBSRXoP0ce18sKvfokSp8H9YKa3XgD4_MONIIl4-XkVU3hOgLrrV8a0Ru7C0JmI7-UJUzl8cfLuGDku-RMNWslcLRGgAEAFLA

日期2016-01-05-11:44:48.
Array

日期2016-01-05-11:44:53.
Array

日期2016-01-05-11:44:56.
Array

日期2016-01-05-11:45:03.
Array

日期2016-01-05-11:45:09.
Array

日期2016-01-05-11:45:12.
Array

日期2016-01-05-11:45:18.
Array

日期2016-01-05-11:45:25.
Array

日期2016-01-05-11:45:53.
Array

日期2016-01-05-11:46:06.
Array

日期2016-01-05-11:46:10.
Array

日期2016-01-05-11:46:34.
Array

日期2016-01-05-11:46:53.
Array

日期2016-01-05-11:46:59.
Array

日期2016-01-05-11:47:17.
Array

日期2016-01-05-11:47:33.
Array

日期2016-01-05-11:47:39.
Array

日期2016-01-05-11:47:44.
Array

日期2016-01-05-11:47:48.
Array

日期2016-01-05-11:47:53.
Array

日期2016-01-05-11:47:59.
Array

日期2016-01-05-11:48:05.
Array

日期2016-01-05-11:48:15.
Array

日期2016-01-05-11:48:40.
Array

日期2016-01-05-11:48:42.
Array

日期2016-01-05-11:48:57.
VanY_Y

日期2016-01-05-11:49:20.
lsh1999

日期2016-01-05-11:49:30.
琛

日期2016-01-05-11:49:36.
VanY_Y

日期2016-01-05-11:49:37.
VanY_Y

日期2016-01-05-11:49:57.
result2

日期2016-01-05-11:50:14.
result2

日期2016-01-05-11:50:16.
result2

日期2016-01-05-11:50:22.
result2

日期2016-01-05-11:50:23.
result2

日期2016-01-05-11:50:39.
result2

日期2016-01-05-11:50:45.
result2

日期2016-01-05-11:50:47.
result2

日期2016-01-05-11:50:51.
result2

日期2016-01-05-11:50:52.
result2

日期2016-01-05-11:50:55.
result2

日期2016-01-05-11:51:52.
VanY_Y

日期2016-01-05-11:51:52.
鍾意

日期2016-01-05-11:52:19.
VanY_Y

日期2016-01-05-11:52:27.
庆旋

日期2016-01-05-11:52:30.
🐯Lrm

日期2016-01-05-11:52:30.


日期2016-01-05-11:52:34.
🐯Lrm

日期2016-01-05-11:52:35.


日期2016-01-05-11:52:37.
🐯Lrm

日期2016-01-05-11:52:38.
VanY_Y

日期2016-01-05-11:52:38.
庆旋

日期2016-01-05-11:52:39.


日期2016-01-05-11:52:45.
🐯Lrm

日期2016-01-05-11:52:46.


日期2016-01-05-11:53:10.
VanY_Y

