[ 2016-12-31T13:38:39+08:00 ] 192.168.3.36 /tyf/index.php?m=User&a=mercheck&pass=3027
INFO: [ app_begin ] --START--
INFO: Run ReadHtmlCache Behavior [ RunTime:0.000926s ]
INFO: Run check_ipban Behavior [ RunTime:-0.000021s ]
INFO: Run load_lang Behavior [ RunTime:-0.002244s ]
INFO: [ app_begin ] --END-- [ RunTime:0.005857s ]
SQL: SHOW COLUMNS FROM `weixin_ad` [ RunTime:0.004341s ]
SQL: SELECT * FROM `weixin_ad` WHERE ( `board_id` = 12 ) LIMIT 1   [ RunTime:0.000217s ]
SQL: SHOW COLUMNS FROM `weixin_user` [ RunTime:0.004589s ]
SQL: SELECT * FROM `weixin_user` WHERE ( `wechatid` = 'oOejpwsJ5V9_jXWWtdCdCraqj-hE' ) LIMIT 1   [ RunTime:0.020574s ]
NOTIC: [8] Undefined index: shares E:\phpStudy\WWW\tyf\app\Lib\Action\frontendAction.class.php 第 60 行.
SQL: SELECT * FROM `weixin_user` WHERE id=78 LIMIT 1   [ RunTime:0.000275s ]
SQL: SELECT * FROM `weixin_user` WHERE id=78 LIMIT 1   [ RunTime:0.000195s ]
SQL: SHOW COLUMNS FROM `weixin_seller` [ RunTime:0.003303s ]
SQL: SELECT * FROM `weixin_seller` WHERE ( `userid` = 23463 ) AND ( `shopid` = null ) LIMIT 1   [ RunTime:0.013472s ]
SQL: UPDATE `weixin_seller` SET `addtime`=1483162719 WHERE ( `id` = null ) [ RunTime:0.000140s ]
SQL: SHOW COLUMNS FROM `weixin_flow_history` [ RunTime:0.003552s ]
SQL: SELECT * FROM `weixin_flow_history` WHERE ( `userid` = 23463 ) AND ( `view_shopid` = 78 ) LIMIT 1   [ RunTime:0.000328s ]
SQL: UPDATE `weixin_flow_history` SET `view_time`=1483162719 WHERE ( `id` = 3046 ) [ RunTime:0.024493s ]
SQL: SELECT * FROM `weixin_flow_history` WHERE ( `view_shopid` = 23463 ) ORDER BY view_time desc  [ RunTime:0.000350s ]
NOTIC: [2] Invalid argument supplied for foreach() E:\phpStudy\WWW\tyf\app\Lib\Action\frontendAction.class.php 第 140 行.
NOTIC: [2048] Declaration of settingModel::_before_write() should be compatible with Model::_before_write(&$data) E:\phpStudy\WWW\tyf\app\Lib\Model\settingModel.class.php 第 25 行.
SQL: SHOW COLUMNS FROM `weixin_setting` [ RunTime:0.003440s ]
SQL: SELECT * FROM `weixin_setting` WHERE ( `name` = 'appid' ) LIMIT 1   [ RunTime:0.000210s ]
SQL: SELECT * FROM `weixin_setting` WHERE ( `name` = 'appsecret' ) LIMIT 1   [ RunTime:0.000132s ]
SQL: SELECT * FROM `weixin_user` WHERE ( `id` = 23463 ) LIMIT 1   [ RunTime:0.001720s ]
SQL: SHOW COLUMNS FROM `weixin_user` [ RunTime:0.017877s ]
SQL: SELECT * FROM `weixin_user` WHERE id=23463 LIMIT 1   [ RunTime:0.000334s ]
SQL: UPDATE `weixin_user` SET `ll_update`=1483113600,`liulan`=0 WHERE ( `id` = 23463 ) [ RunTime:0.000194s ]

[ 2016-12-31T13:56:18+08:00 ] ERR: (ThinkException) Table 'tyf.weixin_user_blessings' doesn't exist
 [ SQL语句 ] : SHOW COLUMNS FROM `weixin_user_blessings`
[ 2016-12-31T14:00:00+08:00 ] ERR: (ThinkException) Table 'tyf.weixin_user_blessings' doesn't exist
 [ SQL语句 ] : SHOW COLUMNS FROM `weixin_user_blessings`
[ 2016-12-31T14:04:49+08:00 ] ERR: (ThinkException) Duplicate entry '0' for key 'PRIMARY'
 [ SQL语句 ] : INSERT INTO `weixin_user_blessings` (`gender`,`name`,`blessing`,`pic_1`,`pic_2`,`pic_3`,`sendId`,`add_time`,`phone`,`orderId`) VALUES (2,'t','t','','data/upload/blessing/148316428823463_picurl2.jpg','',23463,1483164289,'13360007005','')
