[ 2016-12-20T09:37:35+08:00 ] 192.168.3.33 /tyf/index.php?m=User&a=mercheck&pass=911017
INFO: [ app_begin ] --START--
INFO: Run ReadHtmlCache Behavior [ RunTime:0.000682s ]
INFO: Run check_ipban Behavior [ RunTime:-0.000025s ]
INFO: Run load_lang Behavior [ RunTime:-0.001793s ]
INFO: [ app_begin ] --END-- [ RunTime:0.004859s ]
SQL: SHOW COLUMNS FROM `weixin_ad` [ RunTime:0.004771s ]
SQL: SELECT * FROM `weixin_ad` WHERE ( `board_id` = 12 ) LIMIT 1   [ RunTime:0.000231s ]
SQL: SHOW COLUMNS FROM `weixin_user` [ RunTime:0.004433s ]
SQL: SELECT * FROM `weixin_user` WHERE ( `wechatid` = 'oOejpwrfSdXyOwCb1IcPhZZMR_bc' ) LIMIT 1   [ RunTime:0.000383s ]
NOTIC: [8] Undefined index: shares E:\phpStudy\WWW\tyf\app\Lib\Action\frontendAction.class.php 第 62 行.
SQL: SELECT * FROM `weixin_user` WHERE id=78 LIMIT 1   [ RunTime:0.000236s ]
SQL: SELECT * FROM `weixin_user` WHERE id=78 LIMIT 1   [ RunTime:0.000200s ]
SQL: SHOW COLUMNS FROM `weixin_seller` [ RunTime:0.003920s ]
SQL: SELECT * FROM `weixin_seller` WHERE ( `userid` = 78 ) AND ( `shopid` = null )  [ RunTime:0.011816s ]
NOTIC: [2048] Declaration of settingModel::_before_write() should be compatible with Model::_before_write(&$data) E:\phpStudy\WWW\tyf\app\Lib\Model\settingModel.class.php 第 25 行.
SQL: SHOW COLUMNS FROM `weixin_setting` [ RunTime:0.003877s ]
SQL: SELECT * FROM `weixin_setting` WHERE ( `name` = 'appid' ) LIMIT 1   [ RunTime:0.000198s ]
SQL: SELECT * FROM `weixin_setting` WHERE ( `name` = 'appsecret' ) LIMIT 1   [ RunTime:0.000139s ]
SQL: SELECT * FROM `weixin_user` WHERE ( `id` = 78 ) LIMIT 1   [ RunTime:0.001659s ]
SQL: SHOW COLUMNS FROM `weixin_user` [ RunTime:0.006270s ]
SQL: SELECT * FROM `weixin_user` WHERE id=78 LIMIT 1   [ RunTime:0.000280s ]

[ 2016-12-20T10:14:14+08:00 ] 192.168.3.33 /tyf/index.php?g=admin&m=index&a=left
INFO: [ app_begin ] --START--
INFO: Run ReadHtmlCache Behavior [ RunTime:0.001935s ]
INFO: Run check_ipban Behavior [ RunTime:-0.000110s ]
INFO: Run load_lang Behavior [ RunTime:-0.001786s ]
INFO: [ app_begin ] --END-- [ RunTime:0.006075s ]
SQL: SHOW COLUMNS FROM `weixin_menu` [ RunTime:0.025508s ]
SQL: SHOW COLUMNS FROM `weixin_item_order` [ RunTime:0.007343s ]
SQL: SELECT * FROM `weixin_menu` WHERE ( `often` = 1 )  [ RunTime:0.000410s ]
INFO: [ view_template ] --START--
INFO: Run basic_template Behavior [ RunTime:-1.224953s ]
INFO: [ view_template ] --END-- [ RunTime:0.010279s ]
INFO: [ view_parse ] --START--
NOTIC: [8] Undefined index: data E:\phpStudy\WWW\tyf\data\runtime\Cache\admin\f2060a97309747da5e15a6de56868020.php 第 3 行.
INFO: Run ParseTemplate Behavior [ RunTime:-1.235299s ]
INFO: [ view_parse ] --END-- [ RunTime:0.070886s ]
INFO: [ view_filter ] --START--
INFO: Run ContentReplace Behavior [ RunTime:-1.306213s ]
INFO: Run TokenBuild Behavior [ RunTime:-1.306802s ]
INFO: Run WriteHtmlCache Behavior [ RunTime:-1.307372s ]
INFO: Run ShowRuntime Behavior [ RunTime:-1.307892s ]
INFO: Run content_replace Behavior [ RunTime:-1.308487s ]
INFO: [ view_filter ] --END-- [ RunTime:0.003320s ]
INFO: [ view_end ] --START--
INFO: Run ShowPageTrace Behavior [ RunTime:-1.309578s ]
INFO: [ view_end ] --END-- [ RunTime:0.000994s ]

[ 2016-12-20T10:14:17+08:00 ] 192.168.3.33 /tyf/index.php?g=admin&m=index&a=left
INFO: [ app_begin ] --START--
INFO: Run ReadHtmlCache Behavior [ RunTime:0.000874s ]
INFO: Run check_ipban Behavior [ RunTime:-0.000028s ]
INFO: Run load_lang Behavior [ RunTime:-0.001862s ]
INFO: [ app_begin ] --END-- [ RunTime:0.005437s ]
SQL: SHOW COLUMNS FROM `weixin_menu` [ RunTime:0.003885s ]
SQL: SHOW COLUMNS FROM `weixin_menu` [ RunTime:0.003584s ]
SQL: SELECT * FROM `weixin_menu` WHERE (  ( `pid` = 50 ) ) AND ( `display` = 1 ) ORDER BY ordid  [ RunTime:0.000277s ]
SQL: SHOW COLUMNS FROM `weixin_item_order` [ RunTime:0.004264s ]
SQL: SELECT * FROM `weixin_menu` WHERE (  ( `pid` = 50 ) ) AND ( `display` = 1 ) ORDER BY ordid  [ RunTime:0.000281s ]
SQL: SELECT * FROM `weixin_menu` WHERE (  ( `pid` = 51 ) ) AND ( `display` = 1 ) ORDER BY ordid  [ RunTime:0.000226s ]
SQL: SELECT * FROM `weixin_menu` WHERE (  ( `pid` = 295 ) ) AND ( `display` = 1 ) ORDER BY ordid  [ RunTime:0.000220s ]
INFO: [ view_template ] --START--
INFO: Run basic_template Behavior [ RunTime:-0.032891s ]
INFO: [ view_template ] --END-- [ RunTime:0.002232s ]
INFO: [ view_parse ] --START--
INFO: Run ParseTemplate Behavior [ RunTime:-0.035151s ]
INFO: [ view_parse ] --END-- [ RunTime:0.007346s ]
INFO: [ view_filter ] --START--
INFO: Run ContentReplace Behavior [ RunTime:-0.042516s ]
INFO: Run TokenBuild Behavior [ RunTime:-0.043009s ]
INFO: Run WriteHtmlCache Behavior [ RunTime:-0.043580s ]
INFO: Run ShowRuntime Behavior [ RunTime:-0.044201s ]
INFO: Run content_replace Behavior [ RunTime:-0.044948s ]
INFO: [ view_filter ] --END-- [ RunTime:0.003227s ]
INFO: [ view_end ] --START--
INFO: Run ShowPageTrace Behavior [ RunTime:-0.045797s ]
INFO: [ view_end ] --END-- [ RunTime:0.000877s ]

[ 2016-12-20T10:43:32+08:00 ] 192.168.3.33 /tyf/index.php?m=User&a=mercheck&pass=123456
INFO: [ app_begin ] --START--
INFO: Run ReadHtmlCache Behavior [ RunTime:0.000918s ]
INFO: Run check_ipban Behavior [ RunTime:-0.000024s ]
INFO: Run load_lang Behavior [ RunTime:-0.002016s ]
INFO: [ app_begin ] --END-- [ RunTime:0.005769s ]
SQL: SHOW COLUMNS FROM `weixin_ad` [ RunTime:0.003759s ]
SQL: SELECT * FROM `weixin_ad` WHERE ( `board_id` = 12 ) LIMIT 1   [ RunTime:0.000230s ]
SQL: SHOW COLUMNS FROM `weixin_user` [ RunTime:0.004092s ]
SQL: SELECT * FROM `weixin_user` WHERE ( `wechatid` = 'oOejpwkoNJly_GGy3C6PpQfic7UQ' ) LIMIT 1   [ RunTime:0.000731s ]
NOTIC: [8] Undefined index: shares E:\phpStudy\WWW\tyf\app\Lib\Action\frontendAction.class.php 第 62 行.
SQL: SELECT * FROM `weixin_user` WHERE id=495 LIMIT 1   [ RunTime:0.000317s ]
SQL: SELECT * FROM `weixin_user` WHERE id=495 LIMIT 1   [ RunTime:0.000215s ]
SQL: SHOW COLUMNS FROM `weixin_seller` [ RunTime:0.003214s ]
SQL: SELECT * FROM `weixin_seller` WHERE ( `userid` = 495 ) AND ( `shopid` = null )  [ RunTime:0.011649s ]
NOTIC: [2048] Declaration of settingModel::_before_write() should be compatible with Model::_before_write(&$data) E:\phpStudy\WWW\tyf\app\Lib\Model\settingModel.class.php 第 25 行.
SQL: SHOW COLUMNS FROM `weixin_setting` [ RunTime:0.003341s ]
SQL: SELECT * FROM `weixin_setting` WHERE ( `name` = 'appid' ) LIMIT 1   [ RunTime:0.000200s ]
SQL: SELECT * FROM `weixin_setting` WHERE ( `name` = 'appsecret' ) LIMIT 1   [ RunTime:0.000140s ]
SQL: SELECT * FROM `weixin_user` WHERE ( `id` = 495 ) LIMIT 1   [ RunTime:0.001124s ]
SQL: SHOW COLUMNS FROM `weixin_user` [ RunTime:0.007895s ]
SQL: SELECT * FROM `weixin_user` WHERE id=495 LIMIT 1   [ RunTime:0.000284s ]

[ 2016-12-20T14:51:04+08:00 ] 192.168.3.33 /tyf/index.php?g=admin&m=index&a=left
INFO: [ app_begin ] --START--
INFO: Run ReadHtmlCache Behavior [ RunTime:0.000768s ]
INFO: Run check_ipban Behavior [ RunTime:-0.000022s ]
INFO: Run load_lang Behavior [ RunTime:-0.003874s ]
INFO: [ app_begin ] --END-- [ RunTime:0.011004s ]
SQL: SHOW COLUMNS FROM `weixin_menu` [ RunTime:0.017490s ]
SQL: SHOW COLUMNS FROM `weixin_item_order` [ RunTime:0.005030s ]
SQL: SELECT * FROM `weixin_menu` WHERE ( `often` = 1 )  [ RunTime:0.000308s ]
INFO: [ view_template ] --START--
INFO: Run basic_template Behavior [ RunTime:-0.662150s ]
INFO: [ view_template ] --END-- [ RunTime:0.003057s ]
INFO: [ view_parse ] --START--
NOTIC: [8] Undefined index: data E:\phpStudy\WWW\tyf\data\runtime\Cache\admin\f2060a97309747da5e15a6de56868020.php 第 3 行.
INFO: Run ParseTemplate Behavior [ RunTime:-0.665230s ]
INFO: [ view_parse ] --END-- [ RunTime:0.012253s ]
INFO: [ view_filter ] --START--
INFO: Run ContentReplace Behavior [ RunTime:-0.677544s ]
INFO: Run TokenBuild Behavior [ RunTime:-0.678277s ]
INFO: Run WriteHtmlCache Behavior [ RunTime:-0.678828s ]
INFO: Run ShowRuntime Behavior [ RunTime:-0.679261s ]
INFO: Run content_replace Behavior [ RunTime:-0.679785s ]
INFO: [ view_filter ] --END-- [ RunTime:0.003260s ]
INFO: [ view_end ] --START--
INFO: Run ShowPageTrace Behavior [ RunTime:-0.680832s ]
INFO: [ view_end ] --END-- [ RunTime:0.000607s ]

[ 2016-12-20T14:51:19+08:00 ] 192.168.3.33 /tyf/index.php?g=admin&m=index&a=left
INFO: [ app_begin ] --START--
INFO: Run ReadHtmlCache Behavior [ RunTime:0.000773s ]
INFO: Run check_ipban Behavior [ RunTime:-0.000020s ]
INFO: Run load_lang Behavior [ RunTime:-0.001907s ]
INFO: [ app_begin ] --END-- [ RunTime:0.006634s ]
SQL: SHOW COLUMNS FROM `weixin_menu` [ RunTime:0.003940s ]
SQL: SHOW COLUMNS FROM `weixin_menu` [ RunTime:0.003614s ]
SQL: SELECT * FROM `weixin_menu` WHERE (  ( `pid` = 50 ) ) AND ( `display` = 1 ) ORDER BY ordid  [ RunTime:0.000303s ]
SQL: SHOW COLUMNS FROM `weixin_item_order` [ RunTime:0.004127s ]
SQL: SELECT * FROM `weixin_menu` WHERE (  ( `pid` = 50 ) ) AND ( `display` = 1 ) ORDER BY ordid  [ RunTime:0.000307s ]
SQL: SELECT * FROM `weixin_menu` WHERE (  ( `pid` = 51 ) ) AND ( `display` = 1 ) ORDER BY ordid  [ RunTime:0.000226s ]
SQL: SELECT * FROM `weixin_menu` WHERE (  ( `pid` = 295 ) ) AND ( `display` = 1 ) ORDER BY ordid  [ RunTime:0.000210s ]
INFO: [ view_template ] --START--
INFO: Run basic_template Behavior [ RunTime:-0.033081s ]
INFO: [ view_template ] --END-- [ RunTime:0.002252s ]
INFO: [ view_parse ] --START--
INFO: Run ParseTemplate Behavior [ RunTime:-0.035357s ]
INFO: [ view_parse ] --END-- [ RunTime:0.009445s ]
INFO: [ view_filter ] --START--
INFO: Run ContentReplace Behavior [ RunTime:-0.044826s ]
INFO: Run TokenBuild Behavior [ RunTime:-0.045366s ]
INFO: Run WriteHtmlCache Behavior [ RunTime:-0.045867s ]
INFO: Run ShowRuntime Behavior [ RunTime:-0.046308s ]
INFO: Run content_replace Behavior [ RunTime:-0.046834s ]
INFO: [ view_filter ] --END-- [ RunTime:0.002920s ]
INFO: [ view_end ] --START--
INFO: Run ShowPageTrace Behavior [ RunTime:-0.047778s ]
INFO: [ view_end ] --END-- [ RunTime:0.000635s ]

[ 2016-12-20T15:32:05+08:00 ] 192.168.3.33 /tyf/index.php?g=admin&m=index&a=left
INFO: [ app_begin ] --START--
INFO: Run ReadHtmlCache Behavior [ RunTime:0.001271s ]
INFO: Run check_ipban Behavior [ RunTime:-0.000047s ]
INFO: Run load_lang Behavior [ RunTime:-0.004353s ]
INFO: [ app_begin ] --END-- [ RunTime:0.010992s ]
SQL: SHOW COLUMNS FROM `weixin_menu` [ RunTime:0.006943s ]
SQL: SHOW COLUMNS FROM `weixin_item_order` [ RunTime:0.008039s ]
SQL: SELECT * FROM `weixin_menu` WHERE ( `often` = 1 )  [ RunTime:0.000326s ]
INFO: [ view_template ] --START--
INFO: Run basic_template Behavior [ RunTime:-0.309031s ]
INFO: [ view_template ] --END-- [ RunTime:0.002162s ]
INFO: [ view_parse ] --START--
NOTIC: [8] Undefined index: data E:\phpStudy\WWW\tyf\data\runtime\Cache\admin\f2060a97309747da5e15a6de56868020.php 第 3 行.
INFO: Run ParseTemplate Behavior [ RunTime:-0.311220s ]
INFO: [ view_parse ] --END-- [ RunTime:0.011385s ]
INFO: [ view_filter ] --START--
INFO: Run ContentReplace Behavior [ RunTime:-0.322644s ]
INFO: Run TokenBuild Behavior [ RunTime:-0.323356s ]
INFO: Run WriteHtmlCache Behavior [ RunTime:-0.323870s ]
INFO: Run ShowRuntime Behavior [ RunTime:-0.324381s ]
INFO: Run content_replace Behavior [ RunTime:-0.325346s ]
INFO: [ view_filter ] --END-- [ RunTime:0.004484s ]
INFO: [ view_end ] --START--
INFO: Run ShowPageTrace Behavior [ RunTime:-0.327193s ]
INFO: [ view_end ] --END-- [ RunTime:0.002083s ]

[ 2016-12-20T15:32:06+08:00 ] 192.168.3.33 /tyf/index.php?g=admin&m=index&a=left
INFO: [ app_begin ] --START--
INFO: Run ReadHtmlCache Behavior [ RunTime:0.000517s ]
INFO: Run check_ipban Behavior [ RunTime:-0.000020s ]
INFO: Run load_lang Behavior [ RunTime:-0.001571s ]
INFO: [ app_begin ] --END-- [ RunTime:0.004334s ]
SQL: SHOW COLUMNS FROM `weixin_menu` [ RunTime:0.011696s ]
SQL: SHOW COLUMNS FROM `weixin_menu` [ RunTime:0.003637s ]
SQL: SELECT * FROM `weixin_menu` WHERE (  ( `pid` = 50 ) ) AND ( `display` = 1 ) ORDER BY ordid  [ RunTime:0.000271s ]
SQL: SHOW COLUMNS FROM `weixin_item_order` [ RunTime:0.003944s ]
SQL: SELECT * FROM `weixin_menu` WHERE (  ( `pid` = 50 ) ) AND ( `display` = 1 ) ORDER BY ordid  [ RunTime:0.000445s ]
SQL: SELECT * FROM `weixin_menu` WHERE (  ( `pid` = 51 ) ) AND ( `display` = 1 ) ORDER BY ordid  [ RunTime:0.000221s ]
SQL: SELECT * FROM `weixin_menu` WHERE (  ( `pid` = 295 ) ) AND ( `display` = 1 ) ORDER BY ordid  [ RunTime:0.000205s ]
INFO: [ view_template ] --START--
INFO: Run basic_template Behavior [ RunTime:-0.037933s ]
INFO: [ view_template ] --END-- [ RunTime:0.001864s ]
INFO: [ view_parse ] --START--
INFO: Run ParseTemplate Behavior [ RunTime:-0.039822s ]
INFO: [ view_parse ] --END-- [ RunTime:0.008462s ]
INFO: [ view_filter ] --START--
INFO: Run ContentReplace Behavior [ RunTime:-0.048305s ]
INFO: Run TokenBuild Behavior [ RunTime:-0.048800s ]
INFO: Run WriteHtmlCache Behavior [ RunTime:-0.049229s ]
INFO: Run ShowRuntime Behavior [ RunTime:-0.049645s ]
INFO: Run content_replace Behavior [ RunTime:-0.050164s ]
INFO: [ view_filter ] --END-- [ RunTime:0.002725s ]
INFO: [ view_end ] --START--
INFO: Run ShowPageTrace Behavior [ RunTime:-0.051063s ]
INFO: [ view_end ] --END-- [ RunTime:0.000543s ]

[ 2016-12-20T15:36:16+08:00 ] 192.168.3.33 /tyf/index.php?g=admin&m=index&a=left
INFO: [ app_begin ] --START--
INFO: Run ReadHtmlCache Behavior [ RunTime:0.001479s ]
INFO: Run check_ipban Behavior [ RunTime:-0.000134s ]
INFO: Run load_lang Behavior [ RunTime:-0.004405s ]
INFO: [ app_begin ] --END-- [ RunTime:0.011067s ]
SQL: SHOW COLUMNS FROM `weixin_menu` [ RunTime:0.005467s ]
SQL: SHOW COLUMNS FROM `weixin_item_order` [ RunTime:0.006133s ]
SQL: SELECT * FROM `weixin_menu` WHERE ( `often` = 1 )  [ RunTime:0.000504s ]
INFO: [ view_template ] --START--
INFO: Run basic_template Behavior [ RunTime:-0.317283s ]
INFO: [ view_template ] --END-- [ RunTime:0.003696s ]
INFO: [ view_parse ] --START--
NOTIC: [8] Undefined index: data E:\phpStudy\WWW\tyf\data\runtime\Cache\admin\f2060a97309747da5e15a6de56868020.php 第 3 行.
INFO: Run ParseTemplate Behavior [ RunTime:-0.321088s ]
INFO: [ view_parse ] --END-- [ RunTime:0.022706s ]
INFO: [ view_filter ] --START--
INFO: Run ContentReplace Behavior [ RunTime:-0.343817s ]
INFO: Run TokenBuild Behavior [ RunTime:-0.344762s ]
INFO: Run WriteHtmlCache Behavior [ RunTime:-0.345604s ]
INFO: Run ShowRuntime Behavior [ RunTime:-0.346227s ]
INFO: Run content_replace Behavior [ RunTime:-0.347441s ]
INFO: [ view_filter ] --END-- [ RunTime:0.007259s ]
INFO: [ view_end ] --START--
INFO: Run ShowPageTrace Behavior [ RunTime:-0.351110s ]
INFO: [ view_end ] --END-- [ RunTime:0.000659s ]

[ 2016-12-20T15:36:18+08:00 ] 192.168.3.33 /tyf/index.php?g=admin&m=index&a=left
INFO: [ app_begin ] --START--
INFO: Run ReadHtmlCache Behavior [ RunTime:0.000836s ]
INFO: Run check_ipban Behavior [ RunTime:-0.000033s ]
INFO: Run load_lang Behavior [ RunTime:-0.001997s ]
INFO: [ app_begin ] --END-- [ RunTime:0.005328s ]
SQL: SHOW COLUMNS FROM `weixin_menu` [ RunTime:0.003778s ]
SQL: SHOW COLUMNS FROM `weixin_menu` [ RunTime:0.004104s ]
SQL: SELECT * FROM `weixin_menu` WHERE (  ( `pid` = 50 ) ) AND ( `display` = 1 ) ORDER BY ordid  [ RunTime:0.000307s ]
SQL: SHOW COLUMNS FROM `weixin_item_order` [ RunTime:0.004721s ]
SQL: SELECT * FROM `weixin_menu` WHERE (  ( `pid` = 50 ) ) AND ( `display` = 1 ) ORDER BY ordid  [ RunTime:0.000314s ]
SQL: SELECT * FROM `weixin_menu` WHERE (  ( `pid` = 51 ) ) AND ( `display` = 1 ) ORDER BY ordid  [ RunTime:0.000251s ]
SQL: SELECT * FROM `weixin_menu` WHERE (  ( `pid` = 295 ) ) AND ( `display` = 1 ) ORDER BY ordid  [ RunTime:0.000241s ]
INFO: [ view_template ] --START--
INFO: Run basic_template Behavior [ RunTime:-0.032391s ]
INFO: [ view_template ] --END-- [ RunTime:0.002282s ]
INFO: [ view_parse ] --START--
INFO: Run ParseTemplate Behavior [ RunTime:-0.034698s ]
INFO: [ view_parse ] --END-- [ RunTime:0.008998s ]
INFO: [ view_filter ] --START--
INFO: Run ContentReplace Behavior [ RunTime:-0.043719s ]
INFO: Run TokenBuild Behavior [ RunTime:-0.044248s ]
INFO: Run WriteHtmlCache Behavior [ RunTime:-0.044693s ]
INFO: Run ShowRuntime Behavior [ RunTime:-0.045116s ]
INFO: Run content_replace Behavior [ RunTime:-0.045631s ]
INFO: [ view_filter ] --END-- [ RunTime:0.002897s ]
INFO: [ view_end ] --START--
INFO: Run ShowPageTrace Behavior [ RunTime:-0.046650s ]
INFO: [ view_end ] --END-- [ RunTime:0.000588s ]

[ 2016-12-20T17:47:13+08:00 ] 192.168.3.33 /tyf/index.php?g=admin&m=index&a=left
INFO: [ app_begin ] --START--
INFO: Run ReadHtmlCache Behavior [ RunTime:0.000635s ]
INFO: Run check_ipban Behavior [ RunTime:-0.000026s ]
INFO: Run load_lang Behavior [ RunTime:-0.001579s ]
INFO: [ app_begin ] --END-- [ RunTime:0.008510s ]
SQL: SHOW COLUMNS FROM `weixin_menu` [ RunTime:0.009663s ]
SQL: SHOW COLUMNS FROM `weixin_item_order` [ RunTime:0.009220s ]
SQL: SELECT * FROM `weixin_menu` WHERE ( `often` = 1 )  [ RunTime:0.000609s ]
INFO: [ view_template ] --START--
INFO: Run basic_template Behavior [ RunTime:-0.629566s ]
INFO: [ view_template ] --END-- [ RunTime:0.005536s ]
INFO: [ view_parse ] --START--
NOTIC: [8] Undefined index: data E:\phpStudy\WWW\tyf\data\runtime\Cache\admin\f2060a97309747da5e15a6de56868020.php 第 3 行.
INFO: Run ParseTemplate Behavior [ RunTime:-0.635208s ]
INFO: [ view_parse ] --END-- [ RunTime:0.061329s ]
INFO: [ view_filter ] --START--
INFO: Run ContentReplace Behavior [ RunTime:-0.696539s ]
INFO: Run TokenBuild Behavior [ RunTime:-0.697255s ]
INFO: Run WriteHtmlCache Behavior [ RunTime:-0.697818s ]
INFO: Run ShowRuntime Behavior [ RunTime:-0.698544s ]
INFO: Run content_replace Behavior [ RunTime:-0.700099s ]
INFO: [ view_filter ] --END-- [ RunTime:0.005284s ]
INFO: [ view_end ] --START--
INFO: Run ShowPageTrace Behavior [ RunTime:-0.701882s ]
INFO: [ view_end ] --END-- [ RunTime:0.001043s ]

[ 2016-12-20T17:47:22+08:00 ] 192.168.3.33 /tyf/index.php?g=admin&m=index&a=left
INFO: [ app_begin ] --START--
INFO: Run ReadHtmlCache Behavior [ RunTime:0.000927s ]
INFO: Run check_ipban Behavior [ RunTime:-0.000039s ]
INFO: Run load_lang Behavior [ RunTime:-0.002015s ]
INFO: [ app_begin ] --END-- [ RunTime:0.005502s ]
SQL: SHOW COLUMNS FROM `weixin_menu` [ RunTime:0.003780s ]
SQL: SHOW COLUMNS FROM `weixin_menu` [ RunTime:0.003834s ]
SQL: SELECT * FROM `weixin_menu` WHERE (  ( `pid` = 50 ) ) AND ( `display` = 1 ) ORDER BY ordid  [ RunTime:0.000317s ]
SQL: SHOW COLUMNS FROM `weixin_item_order` [ RunTime:0.006024s ]
SQL: SELECT * FROM `weixin_menu` WHERE (  ( `pid` = 50 ) ) AND ( `display` = 1 ) ORDER BY ordid  [ RunTime:0.000301s ]
SQL: SELECT * FROM `weixin_menu` WHERE (  ( `pid` = 51 ) ) AND ( `display` = 1 ) ORDER BY ordid  [ RunTime:0.000243s ]
SQL: SELECT * FROM `weixin_menu` WHERE (  ( `pid` = 295 ) ) AND ( `display` = 1 ) ORDER BY ordid  [ RunTime:0.000235s ]
INFO: [ view_template ] --START--
INFO: Run basic_template Behavior [ RunTime:-0.034078s ]
INFO: [ view_template ] --END-- [ RunTime:0.002361s ]
INFO: [ view_parse ] --START--
INFO: Run ParseTemplate Behavior [ RunTime:-0.036464s ]
INFO: [ view_parse ] --END-- [ RunTime:0.009432s ]
INFO: [ view_filter ] --START--
INFO: Run ContentReplace Behavior [ RunTime:-0.045933s ]
INFO: Run TokenBuild Behavior [ RunTime:-0.046444s ]
INFO: Run WriteHtmlCache Behavior [ RunTime:-0.046863s ]
INFO: Run ShowRuntime Behavior [ RunTime:-0.047288s ]
INFO: Run content_replace Behavior [ RunTime:-0.047782s ]
INFO: [ view_filter ] --END-- [ RunTime:0.003137s ]
INFO: [ view_end ] --START--
INFO: Run ShowPageTrace Behavior [ RunTime:-0.049117s ]
INFO: [ view_end ] --END-- [ RunTime:0.000603s ]

