[ 2016-12-21T09:31:31+08:00 ] 192.168.3.33 /tyf/index.php?g=admin&m=index&a=left
INFO: [ app_begin ] --START--
INFO: Run ReadHtmlCache Behavior [ RunTime:0.000633s ]
INFO: Run check_ipban Behavior [ RunTime:-0.000024s ]
INFO: Run load_lang Behavior [ RunTime:-0.001320s ]
INFO: [ app_begin ] --END-- [ RunTime:0.003626s ]
SQL: SHOW COLUMNS FROM `weixin_menu` [ RunTime:0.005240s ]
SQL: SHOW COLUMNS FROM `weixin_item_order` [ RunTime:0.006577s ]
SQL: SELECT * FROM `weixin_menu` WHERE ( `often` = 1 )  [ RunTime:0.000233s ]
INFO: [ view_template ] --START--
INFO: Run basic_template Behavior [ RunTime:-0.573877s ]
INFO: [ view_template ] --END-- [ RunTime:0.001208s ]
INFO: [ view_parse ] --START--
NOTIC: [8] Undefined index: data E:\phpStudy\WWW\tyf\data\runtime\Cache\admin\f2060a97309747da5e15a6de56868020.php 第 3 行.
INFO: Run ParseTemplate Behavior [ RunTime:-0.575110s ]
INFO: [ view_parse ] --END-- [ RunTime:0.012455s ]
INFO: [ view_filter ] --START--
INFO: Run ContentReplace Behavior [ RunTime:-0.587602s ]
INFO: Run TokenBuild Behavior [ RunTime:-0.588198s ]
INFO: Run WriteHtmlCache Behavior [ RunTime:-0.588639s ]
INFO: Run ShowRuntime Behavior [ RunTime:-0.588974s ]
INFO: Run content_replace Behavior [ RunTime:-0.589404s ]
INFO: [ view_filter ] --END-- [ RunTime:0.002281s ]
INFO: [ view_end ] --START--
INFO: Run ShowPageTrace Behavior [ RunTime:-0.589916s ]
INFO: [ view_end ] --END-- [ RunTime:0.000545s ]

[ 2016-12-21T09:31:38+08:00 ] 192.168.3.33 /tyf/index.php?g=admin&m=index&a=left
INFO: [ app_begin ] --START--
INFO: Run ReadHtmlCache Behavior [ RunTime:0.000600s ]
INFO: Run check_ipban Behavior [ RunTime:-0.000020s ]
INFO: Run load_lang Behavior [ RunTime:-0.001287s ]
INFO: [ app_begin ] --END-- [ RunTime:0.003517s ]
SQL: SHOW COLUMNS FROM `weixin_menu` [ RunTime:0.003691s ]
SQL: SHOW COLUMNS FROM `weixin_menu` [ RunTime:0.003598s ]
SQL: SELECT * FROM `weixin_menu` WHERE (  ( `pid` = 50 ) ) AND ( `display` = 1 ) ORDER BY ordid  [ RunTime:0.000274s ]
SQL: SHOW COLUMNS FROM `weixin_item_order` [ RunTime:0.004594s ]
SQL: SELECT * FROM `weixin_menu` WHERE (  ( `pid` = 50 ) ) AND ( `display` = 1 ) ORDER BY ordid  [ RunTime:0.000270s ]
SQL: SELECT * FROM `weixin_menu` WHERE (  ( `pid` = 51 ) ) AND ( `display` = 1 ) ORDER BY ordid  [ RunTime:0.000236s ]
SQL: SELECT * FROM `weixin_menu` WHERE (  ( `pid` = 295 ) ) AND ( `display` = 1 ) ORDER BY ordid  [ RunTime:0.000230s ]
INFO: [ view_template ] --START--
INFO: Run basic_template Behavior [ RunTime:-0.026707s ]
INFO: [ view_template ] --END-- [ RunTime:0.001209s ]
INFO: [ view_parse ] --START--
INFO: Run ParseTemplate Behavior [ RunTime:-0.027940s ]
INFO: [ view_parse ] --END-- [ RunTime:0.007172s ]
INFO: [ view_filter ] --START--
INFO: Run ContentReplace Behavior [ RunTime:-0.035135s ]
INFO: Run TokenBuild Behavior [ RunTime:-0.035532s ]
INFO: Run WriteHtmlCache Behavior [ RunTime:-0.035901s ]
INFO: Run ShowRuntime Behavior [ RunTime:-0.036216s ]
INFO: Run content_replace Behavior [ RunTime:-0.036619s ]
INFO: [ view_filter ] --END-- [ RunTime:0.001923s ]
INFO: [ view_end ] --START--
INFO: Run ShowPageTrace Behavior [ RunTime:-0.037089s ]
INFO: [ view_end ] --END-- [ RunTime:0.000482s ]

[ 2016-12-21T11:32:01+08:00 ] 192.168.3.33 /tyf/index.php?g=admin&m=index&a=left
INFO: [ app_begin ] --START--
INFO: Run ReadHtmlCache Behavior [ RunTime:0.000914s ]
INFO: Run check_ipban Behavior [ RunTime:-0.000051s ]
INFO: Run load_lang Behavior [ RunTime:-0.002978s ]
INFO: [ app_begin ] --END-- [ RunTime:0.008460s ]
SQL: SHOW COLUMNS FROM `weixin_menu` [ RunTime:0.039580s ]
SQL: SHOW COLUMNS FROM `weixin_item_order` [ RunTime:0.080598s ]
SQL: SELECT * FROM `weixin_menu` WHERE ( `often` = 1 )  [ RunTime:0.000341s ]
INFO: [ view_template ] --START--
INFO: Run basic_template Behavior [ RunTime:-0.177432s ]
INFO: [ view_template ] --END-- [ RunTime:0.019800s ]
INFO: [ view_parse ] --START--
NOTIC: [8] Undefined index: data E:\phpStudy\WWW\tyf\data\runtime\Cache\admin\f2060a97309747da5e15a6de56868020.php 第 3 行.
INFO: Run ParseTemplate Behavior [ RunTime:-0.197258s ]
INFO: [ view_parse ] --END-- [ RunTime:0.012112s ]
INFO: [ view_filter ] --START--
INFO: Run ContentReplace Behavior [ RunTime:-0.209391s ]
INFO: Run TokenBuild Behavior [ RunTime:-0.210161s ]
INFO: Run WriteHtmlCache Behavior [ RunTime:-0.210937s ]
INFO: Run ShowRuntime Behavior [ RunTime:-0.211414s ]
INFO: Run content_replace Behavior [ RunTime:-0.212101s ]
INFO: [ view_filter ] --END-- [ RunTime:0.003962s ]
INFO: [ view_end ] --START--
INFO: Run ShowPageTrace Behavior [ RunTime:-0.213413s ]
INFO: [ view_end ] --END-- [ RunTime:0.000835s ]

[ 2016-12-21T11:38:24+08:00 ] 192.168.3.33 /tyf/index.php?g=admin&m=index&a=left
INFO: [ app_begin ] --START--
INFO: Run ReadHtmlCache Behavior [ RunTime:0.000615s ]
INFO: Run check_ipban Behavior [ RunTime:-0.000022s ]
INFO: Run load_lang Behavior [ RunTime:-0.001892s ]
INFO: [ app_begin ] --END-- [ RunTime:0.005017s ]
SQL: SHOW COLUMNS FROM `weixin_menu` [ RunTime:0.004050s ]
SQL: SHOW COLUMNS FROM `weixin_menu` [ RunTime:0.003612s ]
SQL: SELECT * FROM `weixin_menu` WHERE (  ( `pid` = 50 ) ) AND ( `display` = 1 ) ORDER BY ordid  [ RunTime:0.000330s ]
SQL: SHOW COLUMNS FROM `weixin_item_order` [ RunTime:0.004402s ]
SQL: SELECT * FROM `weixin_menu` WHERE (  ( `pid` = 50 ) ) AND ( `display` = 1 ) ORDER BY ordid  [ RunTime:0.000384s ]
SQL: SELECT * FROM `weixin_menu` WHERE (  ( `pid` = 51 ) ) AND ( `display` = 1 ) ORDER BY ordid  [ RunTime:0.000226s ]
SQL: SELECT * FROM `weixin_menu` WHERE (  ( `pid` = 295 ) ) AND ( `display` = 1 ) ORDER BY ordid  [ RunTime:0.000229s ]
INFO: [ view_template ] --START--
INFO: Run basic_template Behavior [ RunTime:-0.031561s ]
INFO: [ view_template ] --END-- [ RunTime:0.002192s ]
INFO: [ view_parse ] --START--
INFO: Run ParseTemplate Behavior [ RunTime:-0.033778s ]
INFO: [ view_parse ] --END-- [ RunTime:0.008958s ]
INFO: [ view_filter ] --START--
INFO: Run ContentReplace Behavior [ RunTime:-0.042758s ]
INFO: Run TokenBuild Behavior [ RunTime:-0.043281s ]
INFO: Run WriteHtmlCache Behavior [ RunTime:-0.043758s ]
INFO: Run ShowRuntime Behavior [ RunTime:-0.044180s ]
INFO: Run content_replace Behavior [ RunTime:-0.044696s ]
INFO: [ view_filter ] --END-- [ RunTime:0.002789s ]
INFO: [ view_end ] --START--
INFO: Run ShowPageTrace Behavior [ RunTime:-0.045580s ]
INFO: [ view_end ] --END-- [ RunTime:0.000593s ]

[ 2016-12-21T15:08:06+08:00 ] 192.168.3.33 /tyf/index.php?g=admin&m=index&a=left
INFO: [ app_begin ] --START--
INFO: Run ReadHtmlCache Behavior [ RunTime:0.000860s ]
INFO: Run check_ipban Behavior [ RunTime:-0.000052s ]
INFO: Run load_lang Behavior [ RunTime:-0.002700s ]
INFO: [ app_begin ] --END-- [ RunTime:0.009442s ]
SQL: SHOW COLUMNS FROM `weixin_menu` [ RunTime:0.006784s ]
SQL: SHOW COLUMNS FROM `weixin_item_order` [ RunTime:0.018274s ]
SQL: SELECT * FROM `weixin_menu` WHERE ( `often` = 1 )  [ RunTime:0.000462s ]
INFO: [ view_template ] --START--
INFO: Run basic_template Behavior [ RunTime:-0.567601s ]
INFO: [ view_template ] --END-- [ RunTime:0.006597s ]
INFO: [ view_parse ] --START--
NOTIC: [8] Undefined index: data E:\phpStudy\WWW\tyf\data\runtime\Cache\admin\f2060a97309747da5e15a6de56868020.php 第 3 行.
INFO: Run ParseTemplate Behavior [ RunTime:-0.574267s ]
INFO: [ view_parse ] --END-- [ RunTime:0.014888s ]
INFO: [ view_filter ] --START--
INFO: Run ContentReplace Behavior [ RunTime:-0.589186s ]
INFO: Run TokenBuild Behavior [ RunTime:-0.590176s ]
INFO: Run WriteHtmlCache Behavior [ RunTime:-0.591135s ]
INFO: Run ShowRuntime Behavior [ RunTime:-0.591970s ]
INFO: Run content_replace Behavior [ RunTime:-0.592834s ]
INFO: [ view_filter ] --END-- [ RunTime:0.005313s ]
INFO: [ view_end ] --START--
INFO: Run ShowPageTrace Behavior [ RunTime:-0.594553s ]
INFO: [ view_end ] --END-- [ RunTime:0.001246s ]

[ 2016-12-21T15:08:08+08:00 ] 192.168.3.33 /tyf/index.php?g=admin&m=index&a=left
INFO: [ app_begin ] --START--
INFO: Run ReadHtmlCache Behavior [ RunTime:0.000513s ]
INFO: Run check_ipban Behavior [ RunTime:-0.000021s ]
INFO: Run load_lang Behavior [ RunTime:-0.001770s ]
INFO: [ app_begin ] --END-- [ RunTime:0.004804s ]
SQL: SHOW COLUMNS FROM `weixin_menu` [ RunTime:0.004279s ]
SQL: SHOW COLUMNS FROM `weixin_menu` [ RunTime:0.003581s ]
SQL: SELECT * FROM `weixin_menu` WHERE (  ( `pid` = 50 ) ) AND ( `display` = 1 ) ORDER BY ordid  [ RunTime:0.000268s ]
SQL: SHOW COLUMNS FROM `weixin_item_order` [ RunTime:0.004992s ]
SQL: SELECT * FROM `weixin_menu` WHERE (  ( `pid` = 50 ) ) AND ( `display` = 1 ) ORDER BY ordid  [ RunTime:0.000273s ]
SQL: SELECT * FROM `weixin_menu` WHERE (  ( `pid` = 51 ) ) AND ( `display` = 1 ) ORDER BY ordid  [ RunTime:0.000269s ]
SQL: SELECT * FROM `weixin_menu` WHERE (  ( `pid` = 295 ) ) AND ( `display` = 1 ) ORDER BY ordid  [ RunTime:0.000240s ]
INFO: [ view_template ] --START--
INFO: Run basic_template Behavior [ RunTime:-0.032570s ]
INFO: [ view_template ] --END-- [ RunTime:0.002055s ]
INFO: [ view_parse ] --START--
INFO: Run ParseTemplate Behavior [ RunTime:-0.034649s ]
INFO: [ view_parse ] --END-- [ RunTime:0.009477s ]
INFO: [ view_filter ] --START--
INFO: Run ContentReplace Behavior [ RunTime:-0.044152s ]
INFO: Run TokenBuild Behavior [ RunTime:-0.044662s ]
INFO: Run WriteHtmlCache Behavior [ RunTime:-0.045142s ]
INFO: Run ShowRuntime Behavior [ RunTime:-0.045558s ]
INFO: Run content_replace Behavior [ RunTime:-0.046055s ]
INFO: [ view_filter ] --END-- [ RunTime:0.002906s ]
INFO: [ view_end ] --START--
INFO: Run ShowPageTrace Behavior [ RunTime:-0.047092s ]
INFO: [ view_end ] --END-- [ RunTime:0.000624s ]

[ 2016-12-21T15:15:41+08:00 ] 192.168.3.33 /tyf/index.php?g=admin&m=index&a=left
INFO: [ app_begin ] --START--
INFO: Run ReadHtmlCache Behavior [ RunTime:0.000509s ]
INFO: Run check_ipban Behavior [ RunTime:-0.000020s ]
INFO: Run load_lang Behavior [ RunTime:-0.001522s ]
INFO: [ app_begin ] --END-- [ RunTime:0.005573s ]
SQL: SHOW COLUMNS FROM `weixin_menu` [ RunTime:0.003721s ]
SQL: SHOW COLUMNS FROM `weixin_menu` [ RunTime:0.003474s ]
SQL: SELECT * FROM `weixin_menu` WHERE (  ( `pid` = 1 ) ) AND ( `display` = 1 ) ORDER BY ordid  [ RunTime:0.000271s ]
SQL: SHOW COLUMNS FROM `weixin_item_order` [ RunTime:0.004006s ]
SQL: SELECT * FROM `weixin_menu` WHERE (  ( `pid` = 1 ) ) AND ( `display` = 1 ) ORDER BY ordid  [ RunTime:0.000256s ]
SQL: SELECT * FROM `weixin_menu` WHERE (  ( `pid` = 2 ) ) AND ( `display` = 1 ) ORDER BY ordid  [ RunTime:0.000183s ]
SQL: SELECT * FROM `weixin_menu` WHERE (  ( `pid` = 60 ) ) AND ( `display` = 1 ) ORDER BY ordid  [ RunTime:0.000183s ]
SQL: SELECT * FROM `weixin_menu` WHERE (  ( `pid` = 300 ) ) AND ( `display` = 1 ) ORDER BY ordid  [ RunTime:0.000184s ]
INFO: [ view_template ] --START--
INFO: Run basic_template Behavior [ RunTime:-0.031169s ]
INFO: [ view_template ] --END-- [ RunTime:0.002506s ]
INFO: [ view_parse ] --START--
INFO: Run ParseTemplate Behavior [ RunTime:-0.033708s ]
INFO: [ view_parse ] --END-- [ RunTime:0.008992s ]
INFO: [ view_filter ] --START--
INFO: Run ContentReplace Behavior [ RunTime:-0.042721s ]
INFO: Run TokenBuild Behavior [ RunTime:-0.043226s ]
INFO: Run WriteHtmlCache Behavior [ RunTime:-0.043694s ]
INFO: Run ShowRuntime Behavior [ RunTime:-0.044107s ]
INFO: Run content_replace Behavior [ RunTime:-0.044614s ]
INFO: [ view_filter ] --END-- [ RunTime:0.002727s ]
INFO: [ view_end ] --START--
INFO: Run ShowPageTrace Behavior [ RunTime:-0.045480s ]
INFO: [ view_end ] --END-- [ RunTime:0.000603s ]

[ 2016-12-21T15:15:47+08:00 ] 192.168.3.33 /tyf/index.php?g=admin&m=index&a=left
INFO: [ app_begin ] --START--
INFO: Run ReadHtmlCache Behavior [ RunTime:0.005391s ]
INFO: Run check_ipban Behavior [ RunTime:-0.000095s ]
INFO: Run load_lang Behavior [ RunTime:-0.003971s ]
INFO: [ app_begin ] --END-- [ RunTime:0.016629s ]
SQL: SHOW COLUMNS FROM `weixin_menu` [ RunTime:0.014729s ]
SQL: SHOW COLUMNS FROM `weixin_item_order` [ RunTime:0.006446s ]
SQL: SELECT * FROM `weixin_menu` WHERE ( `often` = 1 )  [ RunTime:0.000443s ]
INFO: [ view_template ] --START--
INFO: Run basic_template Behavior [ RunTime:-0.296902s ]
INFO: [ view_template ] --END-- [ RunTime:0.005551s ]
INFO: [ view_parse ] --START--
NOTIC: [8] Undefined index: data E:\phpStudy\WWW\tyf\data\runtime\Cache\admin\f2060a97309747da5e15a6de56868020.php 第 3 行.
INFO: Run ParseTemplate Behavior [ RunTime:-0.302543s ]
INFO: [ view_parse ] --END-- [ RunTime:0.020760s ]
INFO: [ view_filter ] --START--
INFO: Run ContentReplace Behavior [ RunTime:-0.323333s ]
INFO: Run TokenBuild Behavior [ RunTime:-0.327723s ]
INFO: Run WriteHtmlCache Behavior [ RunTime:-0.329164s ]
INFO: Run ShowRuntime Behavior [ RunTime:-0.329922s ]
INFO: Run content_replace Behavior [ RunTime:-0.330885s ]
INFO: [ view_filter ] --END-- [ RunTime:0.011819s ]
INFO: [ view_end ] --START--
INFO: Run ShowPageTrace Behavior [ RunTime:-0.335207s ]
INFO: [ view_end ] --END-- [ RunTime:0.002534s ]

[ 2016-12-21T15:15:48+08:00 ] 192.168.3.33 /tyf/index.php?g=admin&m=index&a=left
INFO: [ app_begin ] --START--
INFO: Run ReadHtmlCache Behavior [ RunTime:0.000499s ]
INFO: Run check_ipban Behavior [ RunTime:-0.000020s ]
INFO: Run load_lang Behavior [ RunTime:-0.001790s ]
INFO: [ app_begin ] --END-- [ RunTime:0.007344s ]
SQL: SHOW COLUMNS FROM `weixin_menu` [ RunTime:0.003691s ]
SQL: SHOW COLUMNS FROM `weixin_menu` [ RunTime:0.004435s ]
SQL: SELECT * FROM `weixin_menu` WHERE (  ( `pid` = 50 ) ) AND ( `display` = 1 ) ORDER BY ordid  [ RunTime:0.000538s ]
SQL: SHOW COLUMNS FROM `weixin_item_order` [ RunTime:0.005046s ]
SQL: SELECT * FROM `weixin_menu` WHERE (  ( `pid` = 50 ) ) AND ( `display` = 1 ) ORDER BY ordid  [ RunTime:0.000287s ]
SQL: SELECT * FROM `weixin_menu` WHERE (  ( `pid` = 51 ) ) AND ( `display` = 1 ) ORDER BY ordid  [ RunTime:0.000234s ]
SQL: SELECT * FROM `weixin_menu` WHERE (  ( `pid` = 295 ) ) AND ( `display` = 1 ) ORDER BY ordid  [ RunTime:0.000240s ]
INFO: [ view_template ] --START--
INFO: Run basic_template Behavior [ RunTime:-0.044888s ]
INFO: [ view_template ] --END-- [ RunTime:0.002139s ]
INFO: [ view_parse ] --START--
INFO: Run ParseTemplate Behavior [ RunTime:-0.047051s ]
INFO: [ view_parse ] --END-- [ RunTime:0.011177s ]
INFO: [ view_filter ] --START--
INFO: Run ContentReplace Behavior [ RunTime:-0.058250s ]
INFO: Run TokenBuild Behavior [ RunTime:-0.058769s ]
INFO: Run WriteHtmlCache Behavior [ RunTime:-0.059253s ]
INFO: Run ShowRuntime Behavior [ RunTime:-0.059674s ]
INFO: Run content_replace Behavior [ RunTime:-0.060180s ]
INFO: [ view_filter ] --END-- [ RunTime:0.002907s ]
INFO: [ view_end ] --START--
INFO: Run ShowPageTrace Behavior [ RunTime:-0.061188s ]
INFO: [ view_end ] --END-- [ RunTime:0.000676s ]

[ 2016-12-21T15:17:55+08:00 ] 192.168.3.33 /tyf/index.php?g=admin&m=index&a=left
INFO: [ app_begin ] --START--
INFO: Run ReadHtmlCache Behavior [ RunTime:0.001233s ]
INFO: Run check_ipban Behavior [ RunTime:-0.000052s ]
INFO: Run load_lang Behavior [ RunTime:-0.003168s ]
INFO: [ app_begin ] --END-- [ RunTime:0.009291s ]
SQL: SHOW COLUMNS FROM `weixin_menu` [ RunTime:0.006957s ]
SQL: SHOW COLUMNS FROM `weixin_item_order` [ RunTime:0.009486s ]
SQL: SELECT * FROM `weixin_menu` WHERE ( `often` = 1 )  [ RunTime:0.000448s ]
INFO: [ view_template ] --START--
INFO: Run basic_template Behavior [ RunTime:-0.310473s ]
INFO: [ view_template ] --END-- [ RunTime:0.004283s ]
INFO: [ view_parse ] --START--
NOTIC: [8] Undefined index: data E:\phpStudy\WWW\tyf\data\runtime\Cache\admin\f2060a97309747da5e15a6de56868020.php 第 3 行.
INFO: Run ParseTemplate Behavior [ RunTime:-0.314806s ]
INFO: [ view_parse ] --END-- [ RunTime:0.015516s ]
INFO: [ view_filter ] --START--
INFO: Run ContentReplace Behavior [ RunTime:-0.330356s ]
INFO: Run TokenBuild Behavior [ RunTime:-0.331276s ]
INFO: Run WriteHtmlCache Behavior [ RunTime:-0.332309s ]
INFO: Run ShowRuntime Behavior [ RunTime:-0.333369s ]
INFO: Run content_replace Behavior [ RunTime:-0.334298s ]
INFO: [ view_filter ] --END-- [ RunTime:0.005807s ]
INFO: [ view_end ] --START--
INFO: Run ShowPageTrace Behavior [ RunTime:-0.336203s ]
INFO: [ view_end ] --END-- [ RunTime:0.000929s ]

[ 2016-12-21T15:17:55+08:00 ] 192.168.3.33 /tyf/index.php?g=admin&m=index&a=left
INFO: [ app_begin ] --START--
INFO: Run ReadHtmlCache Behavior [ RunTime:0.000714s ]
INFO: Run check_ipban Behavior [ RunTime:-0.000019s ]
INFO: Run load_lang Behavior [ RunTime:-0.001277s ]
INFO: [ app_begin ] --END-- [ RunTime:0.003955s ]
SQL: SHOW COLUMNS FROM `weixin_menu` [ RunTime:0.003960s ]
SQL: SHOW COLUMNS FROM `weixin_menu` [ RunTime:0.003750s ]
SQL: SELECT * FROM `weixin_menu` WHERE (  ( `pid` = 50 ) ) AND ( `display` = 1 ) ORDER BY ordid  [ RunTime:0.000269s ]
SQL: SHOW COLUMNS FROM `weixin_item_order` [ RunTime:0.006181s ]
SQL: SELECT * FROM `weixin_menu` WHERE (  ( `pid` = 50 ) ) AND ( `display` = 1 ) ORDER BY ordid  [ RunTime:0.000286s ]
SQL: SELECT * FROM `weixin_menu` WHERE (  ( `pid` = 51 ) ) AND ( `display` = 1 ) ORDER BY ordid  [ RunTime:0.000229s ]
SQL: SELECT * FROM `weixin_menu` WHERE (  ( `pid` = 295 ) ) AND ( `display` = 1 ) ORDER BY ordid  [ RunTime:0.000243s ]
INFO: [ view_template ] --START--
INFO: Run basic_template Behavior [ RunTime:-0.032547s ]
INFO: [ view_template ] --END-- [ RunTime:0.001799s ]
INFO: [ view_parse ] --START--
INFO: Run ParseTemplate Behavior [ RunTime:-0.034370s ]
INFO: [ view_parse ] --END-- [ RunTime:0.011522s ]
INFO: [ view_filter ] --START--
INFO: Run ContentReplace Behavior [ RunTime:-0.045914s ]
INFO: Run TokenBuild Behavior [ RunTime:-0.046645s ]
INFO: Run WriteHtmlCache Behavior [ RunTime:-0.047256s ]
INFO: Run ShowRuntime Behavior [ RunTime:-0.047859s ]
INFO: Run content_replace Behavior [ RunTime:-0.048523s ]
INFO: [ view_filter ] --END-- [ RunTime:0.003155s ]
INFO: [ view_end ] --START--
INFO: Run ShowPageTrace Behavior [ RunTime:-0.049100s ]
INFO: [ view_end ] --END-- [ RunTime:0.000741s ]

[ 2016-12-21T15:22:58+08:00 ] 192.168.3.33 /tyf/index.php?g=admin&m=index&a=left
INFO: [ app_begin ] --START--
INFO: Run ReadHtmlCache Behavior [ RunTime:0.001263s ]
INFO: Run check_ipban Behavior [ RunTime:-0.000033s ]
INFO: Run load_lang Behavior [ RunTime:-0.008004s ]
INFO: [ app_begin ] --END-- [ RunTime:0.013869s ]
SQL: SHOW COLUMNS FROM `weixin_menu` [ RunTime:0.009889s ]
SQL: SHOW COLUMNS FROM `weixin_item_order` [ RunTime:0.007004s ]
SQL: SELECT * FROM `weixin_menu` WHERE ( `often` = 1 )  [ RunTime:0.000384s ]
INFO: [ view_template ] --START--
INFO: Run basic_template Behavior [ RunTime:-0.047734s ]
INFO: [ view_template ] --END-- [ RunTime:0.002073s ]
INFO: [ view_parse ] --START--
NOTIC: [8] Undefined index: data E:\phpStudy\WWW\tyf\data\runtime\Cache\admin\f2060a97309747da5e15a6de56868020.php 第 3 行.
INFO: Run ParseTemplate Behavior [ RunTime:-0.049831s ]
INFO: [ view_parse ] --END-- [ RunTime:0.010983s ]
INFO: [ view_filter ] --START--
INFO: Run ContentReplace Behavior [ RunTime:-0.060834s ]
INFO: Run TokenBuild Behavior [ RunTime:-0.061341s ]
INFO: Run WriteHtmlCache Behavior [ RunTime:-0.061804s ]
INFO: Run ShowRuntime Behavior [ RunTime:-0.062222s ]
INFO: Run content_replace Behavior [ RunTime:-0.062716s ]
INFO: [ view_filter ] --END-- [ RunTime:0.002785s ]
INFO: [ view_end ] --START--
INFO: Run ShowPageTrace Behavior [ RunTime:-0.063657s ]
INFO: [ view_end ] --END-- [ RunTime:0.000638s ]

[ 2016-12-21T15:22:59+08:00 ] 192.168.3.33 /tyf/index.php?g=admin&m=index&a=left
INFO: [ app_begin ] --START--
INFO: Run ReadHtmlCache Behavior [ RunTime:0.000786s ]
INFO: Run check_ipban Behavior [ RunTime:-0.000029s ]
INFO: Run load_lang Behavior [ RunTime:-0.001871s ]
INFO: [ app_begin ] --END-- [ RunTime:0.005236s ]
SQL: SHOW COLUMNS FROM `weixin_menu` [ RunTime:0.004529s ]
SQL: SHOW COLUMNS FROM `weixin_menu` [ RunTime:0.003616s ]
SQL: SELECT * FROM `weixin_menu` WHERE (  ( `pid` = 50 ) ) AND ( `display` = 1 ) ORDER BY ordid  [ RunTime:0.000269s ]
SQL: SHOW COLUMNS FROM `weixin_item_order` [ RunTime:0.004984s ]
SQL: SELECT * FROM `weixin_menu` WHERE (  ( `pid` = 50 ) ) AND ( `display` = 1 ) ORDER BY ordid  [ RunTime:0.000271s ]
SQL: SELECT * FROM `weixin_menu` WHERE (  ( `pid` = 51 ) ) AND ( `display` = 1 ) ORDER BY ordid  [ RunTime:0.000276s ]
SQL: SELECT * FROM `weixin_menu` WHERE (  ( `pid` = 295 ) ) AND ( `display` = 1 ) ORDER BY ordid  [ RunTime:0.000227s ]
INFO: [ view_template ] --START--
INFO: Run basic_template Behavior [ RunTime:-0.031543s ]
INFO: [ view_template ] --END-- [ RunTime:0.001829s ]
INFO: [ view_parse ] --START--
INFO: Run ParseTemplate Behavior [ RunTime:-0.033395s ]
INFO: [ view_parse ] --END-- [ RunTime:0.009054s ]
INFO: [ view_filter ] --START--
INFO: Run ContentReplace Behavior [ RunTime:-0.042471s ]
INFO: Run TokenBuild Behavior [ RunTime:-0.042976s ]
INFO: Run WriteHtmlCache Behavior [ RunTime:-0.043454s ]
INFO: Run ShowRuntime Behavior [ RunTime:-0.043866s ]
INFO: Run content_replace Behavior [ RunTime:-0.044366s ]
INFO: [ view_filter ] --END-- [ RunTime:0.002583s ]
INFO: [ view_end ] --START--
INFO: Run ShowPageTrace Behavior [ RunTime:-0.045084s ]
INFO: [ view_end ] --END-- [ RunTime:0.000594s ]

[ 2016-12-21T16:05:33+08:00 ] 192.168.3.33 /tyf/index.php?g=admin&m=index&a=left
INFO: [ app_begin ] --START--
INFO: Run ReadHtmlCache Behavior [ RunTime:0.000531s ]
INFO: Run check_ipban Behavior [ RunTime:-0.000027s ]
INFO: Run load_lang Behavior [ RunTime:-0.001454s ]
INFO: [ app_begin ] --END-- [ RunTime:0.004234s ]
SQL: SHOW COLUMNS FROM `weixin_menu` [ RunTime:0.003816s ]
SQL: SHOW COLUMNS FROM `weixin_menu` [ RunTime:0.003871s ]
SQL: SELECT * FROM `weixin_menu` WHERE (  ( `pid` = 50 ) ) AND ( `display` = 1 ) ORDER BY ordid  [ RunTime:0.000283s ]
SQL: SHOW COLUMNS FROM `weixin_item_order` [ RunTime:0.003985s ]
SQL: SELECT * FROM `weixin_menu` WHERE (  ( `pid` = 50 ) ) AND ( `display` = 1 ) ORDER BY ordid  [ RunTime:0.000268s ]
SQL: SELECT * FROM `weixin_menu` WHERE (  ( `pid` = 51 ) ) AND ( `display` = 1 ) ORDER BY ordid  [ RunTime:0.000229s ]
SQL: SELECT * FROM `weixin_menu` WHERE (  ( `pid` = 295 ) ) AND ( `display` = 1 ) ORDER BY ordid  [ RunTime:0.000228s ]
INFO: [ view_template ] --START--
INFO: Run basic_template Behavior [ RunTime:-0.029058s ]
INFO: [ view_template ] --END-- [ RunTime:0.002589s ]
INFO: [ view_parse ] --START--
INFO: Run ParseTemplate Behavior [ RunTime:-0.031676s ]
INFO: [ view_parse ] --END-- [ RunTime:0.008710s ]
INFO: [ view_filter ] --START--
INFO: Run ContentReplace Behavior [ RunTime:-0.040406s ]
INFO: Run TokenBuild Behavior [ RunTime:-0.040915s ]
INFO: Run WriteHtmlCache Behavior [ RunTime:-0.041392s ]
INFO: Run ShowRuntime Behavior [ RunTime:-0.041836s ]
INFO: Run content_replace Behavior [ RunTime:-0.042335s ]
INFO: [ view_filter ] --END-- [ RunTime:0.002771s ]
INFO: [ view_end ] --START--
INFO: Run ShowPageTrace Behavior [ RunTime:-0.043208s ]
INFO: [ view_end ] --END-- [ RunTime:0.000590s ]

