[ 2016-12-08T17:46:55+08:00 ] 192.168.3.187 /tyf/index.php?m=Shopcart&a=add_cart
INFO: [ app_begin ] --START--
INFO: Run ReadHtmlCache Behavior [ RunTime:0.000333s ]
INFO: Run check_ipban Behavior [ RunTime:-0.000019s ]
INFO: Run load_lang Behavior [ RunTime:-0.000889s ]
INFO: [ app_begin ] --END-- [ RunTime:0.001956s ]
SQL: SHOW COLUMNS FROM `weixin_ad` [ RunTime:0.004426s ]
SQL: SELECT * FROM `weixin_ad` WHERE ( `board_id` = 12 ) LIMIT 1   [ RunTime:0.000224s ]
SQL: SHOW COLUMNS FROM `weixin_user` [ RunTime:0.004310s ]
SQL: SELECT * FROM `weixin_user` WHERE ( `wechatid` = 'oOejpwrfSdXyOwCb1IcPhZZMR_bc' ) LIMIT 1   [ RunTime:0.000501s ]
NOTIC: [8] Undefined index: shares G:\phpStudy\WWW\tyf\app\Lib\Action\frontendAction.class.php 第 60 行.
SQL: SELECT * FROM `weixin_user` WHERE id=78 LIMIT 1   [ RunTime:0.000298s ]
SQL: SELECT * FROM `weixin_user` WHERE id=78 LIMIT 1   [ RunTime:0.000205s ]
SQL: SHOW COLUMNS FROM `weixin_seller` [ RunTime:0.003483s ]
SQL: SELECT * FROM `weixin_seller` WHERE ( `userid` = 78 ) AND ( `shopid` = null ) LIMIT 1   [ RunTime:0.001173s ]
SQL: UPDATE `weixin_seller` SET `addtime`=1481190414 WHERE ( `id` = null ) [ RunTime:0.000107s ]
NOTIC: [2048] Declaration of settingModel::_before_write() should be compatible with Model::_before_write(&$data) G:\phpStudy\WWW\tyf\app\Lib\Model\settingModel.class.php 第 25 行.
SQL: SHOW COLUMNS FROM `weixin_setting` [ RunTime:0.004072s ]
SQL: SELECT * FROM `weixin_setting` WHERE ( `name` = 'appid' ) LIMIT 1   [ RunTime:0.000209s ]
SQL: SELECT * FROM `weixin_setting` WHERE ( `name` = 'appsecret' ) LIMIT 1   [ RunTime:0.000126s ]
SQL: SELECT * FROM `weixin_user` WHERE ( `id` = 78 ) LIMIT 1   [ RunTime:0.001081s ]
SQL: SHOW COLUMNS FROM `weixin_user` [ RunTime:0.004974s ]
SQL: SELECT * FROM `weixin_user` WHERE ( `id` = 78 ) LIMIT 1   [ RunTime:0.000308s ]
SQL: SHOW COLUMNS FROM `weixin_cart` [ RunTime:0.004438s ]
SQL: SHOW COLUMNS FROM `weixin_item` [ RunTime:0.005120s ]
SQL: SELECT `id`,`title`,`img`,`yhprice`,`size`,`color`,`goods_stock`,`zuzhuang`,`priceyuan`,`add_time`,`itemtype`,`cost`,`activity`,`sale_quantity` FROM `weixin_item` WHERE ( `id` = 4074 ) LIMIT 1   [ RunTime:0.000214s ]
SQL: INSERT INTO `weixin_cart` (`id`,`name`,`img`,`price`,`num`,`cost`,`uid`,`shopid`,`itemtype`,`baseid`,`is_fictitious`) VALUES (4074,'日本Perfect 洗颜专科 柔澈净颜泡沫 150ml ','1608/09/57a9a083de05b.jpg','65.00',1,'55.00',78,'78','0',2,0) [ RunTime:0.017874s ]
NOTIC: [8] Undefined variable: color G:\phpStudy\WWW\tyf\app\Lib\Action\home\ShopcartAction.class.php 第 459 行.
NOTIC: [8] Undefined variable: zuzhuang G:\phpStudy\WWW\tyf\app\Lib\Action\home\ShopcartAction.class.php 第 486 行.
NOTIC: [8] Undefined index: ncart G:\phpStudy\WWW\tyf\app\Lib\Action\home\ShopcartAction.class.php 第 492 行.

