[ 2016-12-12T13:45:17+08:00 ] ERR: (ThinkException) Table 'tyf.weixin_signup_pv' doesn't exist
 [ SQL语句 ] : SHOW COLUMNS FROM `weixin_signup_pv`
[ 2016-12-12T14:31:32+08:00 ] ERR: (ThinkException) 模板不存在[./Tpl/home/default/Activity/public_signup.html]
[ 2016-12-12T14:38:27+08:00 ] 192.168.3.33 /tyf/index.php?m=Activity&a=public_do_signup
INFO: [ app_begin ] --START--
INFO: Run ReadHtmlCache Behavior [ RunTime:0.000984s ]
INFO: Run check_ipban Behavior [ RunTime:-0.000037s ]
INFO: Run load_lang Behavior [ RunTime:-0.002775s ]
INFO: [ app_begin ] --END-- [ RunTime:0.006027s ]
SQL: SHOW COLUMNS FROM `weixin_ad` [ RunTime:0.003755s ]
SQL: SELECT * FROM `weixin_ad` WHERE ( `board_id` = 12 ) LIMIT 1   [ RunTime:0.000179s ]
SQL: SHOW COLUMNS FROM `weixin_user` [ RunTime:0.004686s ]
SQL: SELECT * FROM `weixin_user` WHERE ( `wechatid` = 'oOejpwrfSdXyOwCb1IcPhZZMR_bc' ) LIMIT 1   [ RunTime:0.000396s ]
NOTIC: [8] Undefined index: shares E:\phpStudy\WWW\tyf\app\Lib\Action\frontendAction.class.php 第 60 行.
SQL: SELECT * FROM `weixin_user` WHERE id=78 LIMIT 1   [ RunTime:0.000333s ]
SQL: SELECT * FROM `weixin_user` WHERE id=78 LIMIT 1   [ RunTime:0.000171s ]
SQL: SHOW COLUMNS FROM `weixin_seller` [ RunTime:0.003286s ]
SQL: SELECT * FROM `weixin_seller` WHERE ( `userid` = 78 ) AND ( `shopid` = null ) LIMIT 1   [ RunTime:0.010510s ]
SQL: UPDATE `weixin_seller` SET `addtime`=1481524707 WHERE ( `id` = null ) [ RunTime:0.000135s ]
NOTIC: [2048] Declaration of settingModel::_before_write() should be compatible with Model::_before_write(&$data) E:\phpStudy\WWW\tyf\app\Lib\Model\settingModel.class.php 第 25 行.
SQL: SHOW COLUMNS FROM `weixin_setting` [ RunTime:0.003312s ]
SQL: SELECT * FROM `weixin_setting` WHERE ( `name` = 'appid' ) LIMIT 1   [ RunTime:0.000161s ]
SQL: SELECT * FROM `weixin_setting` WHERE ( `name` = 'appsecret' ) LIMIT 1   [ RunTime:0.000094s ]
SQL: SELECT * FROM `weixin_user` WHERE ( `id` = 78 ) LIMIT 1   [ RunTime:0.001015s ]

[ 2016-12-12T14:39:14+08:00 ] 192.168.3.33 /tyf/index.php?m=Activity&a=public_do_signup
INFO: [ app_begin ] --START--
INFO: Run ReadHtmlCache Behavior [ RunTime:0.000807s ]
INFO: Run check_ipban Behavior [ RunTime:-0.000021s ]
INFO: Run load_lang Behavior [ RunTime:-0.001825s ]
INFO: [ app_begin ] --END-- [ RunTime:0.004225s ]
SQL: SHOW COLUMNS FROM `weixin_ad` [ RunTime:0.004205s ]
SQL: SELECT * FROM `weixin_ad` WHERE ( `board_id` = 12 ) LIMIT 1   [ RunTime:0.000221s ]
SQL: SHOW COLUMNS FROM `weixin_user` [ RunTime:0.004488s ]
SQL: SELECT * FROM `weixin_user` WHERE ( `wechatid` = 'oOejpwrfSdXyOwCb1IcPhZZMR_bc' ) LIMIT 1   [ RunTime:0.000379s ]
NOTIC: [8] Undefined index: shares E:\phpStudy\WWW\tyf\app\Lib\Action\frontendAction.class.php 第 60 行.
SQL: SELECT * FROM `weixin_user` WHERE id=78 LIMIT 1   [ RunTime:0.000313s ]
SQL: SELECT * FROM `weixin_user` WHERE id=78 LIMIT 1   [ RunTime:0.000210s ]
SQL: SHOW COLUMNS FROM `weixin_seller` [ RunTime:0.003675s ]
SQL: SELECT * FROM `weixin_seller` WHERE ( `userid` = 78 ) AND ( `shopid` = null ) LIMIT 1   [ RunTime:0.010431s ]
SQL: UPDATE `weixin_seller` SET `addtime`=1481524754 WHERE ( `id` = null ) [ RunTime:0.000138s ]
NOTIC: [2048] Declaration of settingModel::_before_write() should be compatible with Model::_before_write(&$data) E:\phpStudy\WWW\tyf\app\Lib\Model\settingModel.class.php 第 25 行.
SQL: SHOW COLUMNS FROM `weixin_setting` [ RunTime:0.003708s ]
SQL: SELECT * FROM `weixin_setting` WHERE ( `name` = 'appid' ) LIMIT 1   [ RunTime:0.000209s ]
SQL: SELECT * FROM `weixin_setting` WHERE ( `name` = 'appsecret' ) LIMIT 1   [ RunTime:0.000143s ]
SQL: SELECT * FROM `weixin_user` WHERE ( `id` = 78 ) LIMIT 1   [ RunTime:0.001033s ]

[ 2016-12-12T14:44:28+08:00 ] 192.168.3.33 /tyf/index.php?m=Activity&a=public_do_signup&date=14&uname=re&phone=15731142372&wechat_num=r
INFO: [ app_begin ] --START--
INFO: Run ReadHtmlCache Behavior [ RunTime:0.000686s ]
INFO: Run check_ipban Behavior [ RunTime:-0.000019s ]
INFO: Run load_lang Behavior [ RunTime:-0.001867s ]
INFO: [ app_begin ] --END-- [ RunTime:0.004373s ]
SQL: SHOW COLUMNS FROM `weixin_ad` [ RunTime:0.003951s ]
SQL: SELECT * FROM `weixin_ad` WHERE ( `board_id` = 12 ) LIMIT 1   [ RunTime:0.000208s ]
SQL: SHOW COLUMNS FROM `weixin_user` [ RunTime:0.004067s ]
SQL: SELECT * FROM `weixin_user` WHERE ( `wechatid` = 'oOejpwrfSdXyOwCb1IcPhZZMR_bc' ) LIMIT 1   [ RunTime:0.000344s ]
NOTIC: [8] Undefined index: shares E:\phpStudy\WWW\tyf\app\Lib\Action\frontendAction.class.php 第 60 行.
SQL: SELECT * FROM `weixin_user` WHERE id=78 LIMIT 1   [ RunTime:0.000295s ]
SQL: SELECT * FROM `weixin_user` WHERE id=78 LIMIT 1   [ RunTime:0.000251s ]
SQL: SHOW COLUMNS FROM `weixin_seller` [ RunTime:0.003216s ]
SQL: SELECT * FROM `weixin_seller` WHERE ( `userid` = 78 ) AND ( `shopid` = null ) LIMIT 1   [ RunTime:0.010670s ]
SQL: UPDATE `weixin_seller` SET `addtime`=1481525068 WHERE ( `id` = null ) [ RunTime:0.000136s ]
NOTIC: [2048] Declaration of settingModel::_before_write() should be compatible with Model::_before_write(&$data) E:\phpStudy\WWW\tyf\app\Lib\Model\settingModel.class.php 第 25 行.
SQL: SHOW COLUMNS FROM `weixin_setting` [ RunTime:0.003391s ]
SQL: SELECT * FROM `weixin_setting` WHERE ( `name` = 'appid' ) LIMIT 1   [ RunTime:0.000199s ]
SQL: SELECT * FROM `weixin_setting` WHERE ( `name` = 'appsecret' ) LIMIT 1   [ RunTime:0.000119s ]
SQL: SELECT * FROM `weixin_user` WHERE ( `id` = 78 ) LIMIT 1   [ RunTime:0.001029s ]

[ 2016-12-12T14:45:52+08:00 ] 192.168.3.33 /tyf/index.php?m=Activity&a=public_do_signup&date=16&uname=%E5%88%98%E7%8E%89%E6%A2%85&phone=15731142372&wechat_num=rmcq_0819
INFO: [ app_begin ] --START--
INFO: Run ReadHtmlCache Behavior [ RunTime:0.000790s ]
INFO: Run check_ipban Behavior [ RunTime:-0.000020s ]
INFO: Run load_lang Behavior [ RunTime:-0.001814s ]
INFO: [ app_begin ] --END-- [ RunTime:0.004217s ]
SQL: SHOW COLUMNS FROM `weixin_ad` [ RunTime:0.004133s ]
SQL: SELECT * FROM `weixin_ad` WHERE ( `board_id` = 12 ) LIMIT 1   [ RunTime:0.000238s ]
SQL: SHOW COLUMNS FROM `weixin_user` [ RunTime:0.004362s ]
SQL: SELECT * FROM `weixin_user` WHERE ( `wechatid` = 'oOejpwrfSdXyOwCb1IcPhZZMR_bc' ) LIMIT 1   [ RunTime:0.000413s ]
NOTIC: [8] Undefined index: shares E:\phpStudy\WWW\tyf\app\Lib\Action\frontendAction.class.php 第 60 行.
SQL: SELECT * FROM `weixin_user` WHERE id=78 LIMIT 1   [ RunTime:0.000272s ]
SQL: SELECT * FROM `weixin_user` WHERE id=78 LIMIT 1   [ RunTime:0.000210s ]
SQL: SHOW COLUMNS FROM `weixin_seller` [ RunTime:0.003373s ]
SQL: SELECT * FROM `weixin_seller` WHERE ( `userid` = 78 ) AND ( `shopid` = null ) LIMIT 1   [ RunTime:0.010573s ]
SQL: UPDATE `weixin_seller` SET `addtime`=1481525152 WHERE ( `id` = null ) [ RunTime:0.000139s ]
NOTIC: [2048] Declaration of settingModel::_before_write() should be compatible with Model::_before_write(&$data) E:\phpStudy\WWW\tyf\app\Lib\Model\settingModel.class.php 第 25 行.
SQL: SHOW COLUMNS FROM `weixin_setting` [ RunTime:0.003479s ]
SQL: SELECT * FROM `weixin_setting` WHERE ( `name` = 'appid' ) LIMIT 1   [ RunTime:0.000194s ]
SQL: SELECT * FROM `weixin_setting` WHERE ( `name` = 'appsecret' ) LIMIT 1   [ RunTime:0.000140s ]
SQL: SELECT * FROM `weixin_user` WHERE ( `id` = 78 ) LIMIT 1   [ RunTime:0.001038s ]

[ 2016-12-12T16:35:03+08:00 ] 192.168.3.33 /tyf/index.php?g=admin&m=index&a=left
INFO: [ app_begin ] --START--
INFO: Run ReadHtmlCache Behavior [ RunTime:0.000973s ]
INFO: Run check_ipban Behavior [ RunTime:-0.000051s ]
INFO: Run load_lang Behavior [ RunTime:-0.004525s ]
INFO: [ app_begin ] --END-- [ RunTime:0.009593s ]
SQL: SHOW COLUMNS FROM `weixin_menu` [ RunTime:0.007602s ]
SQL: SHOW COLUMNS FROM `weixin_item_order` [ RunTime:0.005339s ]
SQL: SELECT * FROM `weixin_menu` WHERE ( `often` = 1 )  [ RunTime:0.000236s ]
INFO: [ view_template ] --START--
INFO: Run basic_template Behavior [ RunTime:-0.614165s ]
INFO: [ view_template ] --END-- [ RunTime:0.001776s ]
INFO: [ view_parse ] --START--
NOTIC: [8] Undefined index: data E:\phpStudy\WWW\tyf\data\runtime\Cache\admin\f2060a97309747da5e15a6de56868020.php 第 3 行.
INFO: Run ParseTemplate Behavior [ RunTime:-0.615966s ]
INFO: [ view_parse ] --END-- [ RunTime:0.048715s ]
INFO: [ view_filter ] --START--
INFO: Run ContentReplace Behavior [ RunTime:-0.664701s ]
INFO: Run TokenBuild Behavior [ RunTime:-0.665336s ]
INFO: Run WriteHtmlCache Behavior [ RunTime:-0.665926s ]
INFO: Run ShowRuntime Behavior [ RunTime:-0.666395s ]
INFO: Run content_replace Behavior [ RunTime:-0.667037s ]
INFO: [ view_filter ] --END-- [ RunTime:0.003295s ]
INFO: [ view_end ] --START--
INFO: Run ShowPageTrace Behavior [ RunTime:-0.668031s ]
INFO: [ view_end ] --END-- [ RunTime:0.000940s ]

[ 2016-12-12T16:35:06+08:00 ] 192.168.3.33 /tyf/index.php?g=admin&m=index&a=left
INFO: [ app_begin ] --START--
INFO: Run ReadHtmlCache Behavior [ RunTime:0.000805s ]
INFO: Run check_ipban Behavior [ RunTime:-0.000020s ]
INFO: Run load_lang Behavior [ RunTime:-0.001807s ]
INFO: [ app_begin ] --END-- [ RunTime:0.004885s ]
SQL: SHOW COLUMNS FROM `weixin_menu` [ RunTime:0.003602s ]
SQL: SHOW COLUMNS FROM `weixin_menu` [ RunTime:0.003961s ]
SQL: SELECT * FROM `weixin_menu` WHERE (  ( `pid` = 50 ) ) AND ( `display` = 1 ) ORDER BY ordid  [ RunTime:0.000279s ]
SQL: SHOW COLUMNS FROM `weixin_item_order` [ RunTime:0.003926s ]
SQL: SELECT * FROM `weixin_menu` WHERE (  ( `pid` = 50 ) ) AND ( `display` = 1 ) ORDER BY ordid  [ RunTime:0.000298s ]
SQL: SELECT * FROM `weixin_menu` WHERE (  ( `pid` = 51 ) ) AND ( `display` = 1 ) ORDER BY ordid  [ RunTime:0.000228s ]
SQL: SELECT * FROM `weixin_menu` WHERE (  ( `pid` = 295 ) ) AND ( `display` = 1 ) ORDER BY ordid  [ RunTime:0.000234s ]
INFO: [ view_template ] --START--
INFO: Run basic_template Behavior [ RunTime:-0.030271s ]
INFO: [ view_template ] --END-- [ RunTime:0.002261s ]
INFO: [ view_parse ] --START--
INFO: Run ParseTemplate Behavior [ RunTime:-0.032555s ]
INFO: [ view_parse ] --END-- [ RunTime:0.009675s ]
INFO: [ view_filter ] --START--
INFO: Run ContentReplace Behavior [ RunTime:-0.042253s ]
INFO: Run TokenBuild Behavior [ RunTime:-0.042924s ]
INFO: Run WriteHtmlCache Behavior [ RunTime:-0.043544s ]
INFO: Run ShowRuntime Behavior [ RunTime:-0.044096s ]
INFO: Run content_replace Behavior [ RunTime:-0.044726s ]
INFO: [ view_filter ] --END-- [ RunTime:0.003339s ]
INFO: [ view_end ] --START--
INFO: Run ShowPageTrace Behavior [ RunTime:-0.045624s ]
INFO: [ view_end ] --END-- [ RunTime:0.000734s ]

[ 2016-12-12T17:01:43+08:00 ] ERR: (ThinkException) Unknown column 'b.vote_time' in 'field list'
 [ SQL语句 ] : SELECT b.vote_time,b.cover,b.username,c.vote_num,c.id,c.team FROM `weixin_signup` a left join weixin_user b on a.userId = b.id left join weixin_team c on a.teamId = c.id WHERE a.userId=78 LIMIT 1  
