[ 2016-12-09T09:01:38+08:00 ] 192.168.3.30 /tyf/index.php?g=admin&m=index&a=left
INFO: [ app_begin ] --START--
INFO: Run ReadHtmlCache Behavior [ RunTime:0.000948s ]
INFO: Run check_ipban Behavior [ RunTime:-0.000153s ]
INFO: Run load_lang Behavior [ RunTime:-0.003729s ]
INFO: [ app_begin ] --END-- [ RunTime:0.006581s ]
SQL: SHOW COLUMNS FROM `weixin_menu` [ RunTime:0.005019s ]
SQL: SHOW COLUMNS FROM `weixin_item_order` [ RunTime:0.009614s ]
SQL: SELECT * FROM `weixin_menu` WHERE ( `often` = 1 )  [ RunTime:0.000294s ]
INFO: [ view_template ] --START--
INFO: Run basic_template Behavior [ RunTime:-1.497296s ]
INFO: [ view_template ] --END-- [ RunTime:0.001330s ]
INFO: [ view_parse ] --START--
NOTIC: [8] Undefined index: data G:\phpStudy\WWW\tyf\data\runtime\Cache\admin\f2060a97309747da5e15a6de56868020.php 第 3 行.
INFO: Run ParseTemplate Behavior [ RunTime:-1.498647s ]
INFO: [ view_parse ] --END-- [ RunTime:0.008846s ]
INFO: [ view_filter ] --START--
INFO: Run ContentReplace Behavior [ RunTime:-1.507521s ]
INFO: Run TokenBuild Behavior [ RunTime:-1.507949s ]
INFO: Run WriteHtmlCache Behavior [ RunTime:-1.508340s ]
INFO: Run ShowRuntime Behavior [ RunTime:-1.508658s ]
INFO: Run content_replace Behavior [ RunTime:-1.509073s ]
INFO: [ view_filter ] --END-- [ RunTime:0.002455s ]
INFO: [ view_end ] --START--
INFO: Run ShowPageTrace Behavior [ RunTime:-1.510082s ]
INFO: [ view_end ] --END-- [ RunTime:0.001110s ]

[ 2016-12-09T09:45:35+08:00 ] 192.168.3.30 /tyf/index.php?g=admin&m=index&a=left
INFO: [ app_begin ] --START--
INFO: Run ReadHtmlCache Behavior [ RunTime:0.000806s ]
INFO: Run check_ipban Behavior [ RunTime:-0.000026s ]
INFO: Run load_lang Behavior [ RunTime:-0.001494s ]
INFO: [ app_begin ] --END-- [ RunTime:0.004646s ]
SQL: SHOW COLUMNS FROM `weixin_menu` [ RunTime:0.005337s ]
SQL: SHOW COLUMNS FROM `weixin_menu` [ RunTime:0.004046s ]
SQL: SELECT * FROM `weixin_menu` WHERE (  ( `pid` = 50 ) ) AND ( `display` = 1 ) ORDER BY ordid  [ RunTime:0.000418s ]
SQL: SHOW COLUMNS FROM `weixin_item_order` [ RunTime:0.005317s ]
SQL: SELECT * FROM `weixin_menu` WHERE (  ( `pid` = 50 ) ) AND ( `display` = 1 ) ORDER BY ordid  [ RunTime:0.000313s ]
SQL: SELECT * FROM `weixin_menu` WHERE (  ( `pid` = 51 ) ) AND ( `display` = 1 ) ORDER BY ordid  [ RunTime:0.000295s ]
SQL: SELECT * FROM `weixin_menu` WHERE (  ( `pid` = 295 ) ) AND ( `display` = 1 ) ORDER BY ordid  [ RunTime:0.000246s ]
INFO: [ view_template ] --START--
INFO: Run basic_template Behavior [ RunTime:-0.032272s ]
INFO: [ view_template ] --END-- [ RunTime:0.001390s ]
INFO: [ view_parse ] --START--
INFO: Run ParseTemplate Behavior [ RunTime:-0.033687s ]
INFO: [ view_parse ] --END-- [ RunTime:0.007496s ]
INFO: [ view_filter ] --START--
INFO: Run ContentReplace Behavior [ RunTime:-0.041206s ]
INFO: Run TokenBuild Behavior [ RunTime:-0.041639s ]
INFO: Run WriteHtmlCache Behavior [ RunTime:-0.042014s ]
INFO: Run ShowRuntime Behavior [ RunTime:-0.042403s ]
INFO: Run content_replace Behavior [ RunTime:-0.042807s ]
INFO: [ view_filter ] --END-- [ RunTime:0.002051s ]
INFO: [ view_end ] --START--
INFO: Run ShowPageTrace Behavior [ RunTime:-0.043298s ]
INFO: [ view_end ] --END-- [ RunTime:0.000542s ]

[ 2016-12-09T10:52:40+08:00 ] 192.168.3.30 /tyf/index.php?g=admin&m=index&a=left
INFO: [ app_begin ] --START--
INFO: Run ReadHtmlCache Behavior [ RunTime:0.000674s ]
INFO: Run check_ipban Behavior [ RunTime:-0.000024s ]
INFO: Run load_lang Behavior [ RunTime:-0.002566s ]
INFO: [ app_begin ] --END-- [ RunTime:0.007131s ]
SQL: SHOW COLUMNS FROM `weixin_menu` [ RunTime:0.004852s ]
SQL: SHOW COLUMNS FROM `weixin_item_order` [ RunTime:0.010574s ]
SQL: SELECT * FROM `weixin_menu` WHERE ( `often` = 1 )  [ RunTime:0.000442s ]
INFO: [ view_template ] --START--
INFO: Run basic_template Behavior [ RunTime:-0.592342s ]
INFO: [ view_template ] --END-- [ RunTime:0.002649s ]
INFO: [ view_parse ] --START--
NOTIC: [8] Undefined index: data G:\phpStudy\WWW\tyf\data\runtime\Cache\admin\f2060a97309747da5e15a6de56868020.php 第 3 行.
INFO: Run ParseTemplate Behavior [ RunTime:-0.595013s ]
INFO: [ view_parse ] --END-- [ RunTime:0.007906s ]
INFO: [ view_filter ] --START--
INFO: Run ContentReplace Behavior [ RunTime:-0.602968s ]
INFO: Run TokenBuild Behavior [ RunTime:-0.603819s ]
INFO: Run WriteHtmlCache Behavior [ RunTime:-0.604252s ]
INFO: Run ShowRuntime Behavior [ RunTime:-0.604716s ]
INFO: Run content_replace Behavior [ RunTime:-0.605233s ]
INFO: [ view_filter ] --END-- [ RunTime:0.002751s ]
INFO: [ view_end ] --START--
INFO: Run ShowPageTrace Behavior [ RunTime:-0.605746s ]
INFO: [ view_end ] --END-- [ RunTime:0.000498s ]

[ 2016-12-09T10:52:42+08:00 ] 192.168.3.30 /tyf/index.php?g=admin&m=index&a=left
INFO: [ app_begin ] --START--
INFO: Run ReadHtmlCache Behavior [ RunTime:0.000646s ]
INFO: Run check_ipban Behavior [ RunTime:-0.000028s ]
INFO: Run load_lang Behavior [ RunTime:-0.001918s ]
INFO: [ app_begin ] --END-- [ RunTime:0.004776s ]
SQL: SHOW COLUMNS FROM `weixin_menu` [ RunTime:0.004575s ]
SQL: SHOW COLUMNS FROM `weixin_menu` [ RunTime:0.004398s ]
SQL: SELECT * FROM `weixin_menu` WHERE (  ( `pid` = 50 ) ) AND ( `display` = 1 ) ORDER BY ordid  [ RunTime:0.000306s ]
SQL: SHOW COLUMNS FROM `weixin_item_order` [ RunTime:0.005123s ]
SQL: SELECT * FROM `weixin_menu` WHERE (  ( `pid` = 50 ) ) AND ( `display` = 1 ) ORDER BY ordid  [ RunTime:0.000303s ]
SQL: SELECT * FROM `weixin_menu` WHERE (  ( `pid` = 51 ) ) AND ( `display` = 1 ) ORDER BY ordid  [ RunTime:0.000235s ]
SQL: SELECT * FROM `weixin_menu` WHERE (  ( `pid` = 295 ) ) AND ( `display` = 1 ) ORDER BY ordid  [ RunTime:0.000241s ]
INFO: [ view_template ] --START--
INFO: Run basic_template Behavior [ RunTime:-0.030875s ]
INFO: [ view_template ] --END-- [ RunTime:0.001341s ]
INFO: [ view_parse ] --START--
INFO: Run ParseTemplate Behavior [ RunTime:-0.032241s ]
INFO: [ view_parse ] --END-- [ RunTime:0.087298s ]
INFO: [ view_filter ] --START--
INFO: Run ContentReplace Behavior [ RunTime:-0.119722s ]
INFO: Run TokenBuild Behavior [ RunTime:-0.122578s ]
INFO: Run WriteHtmlCache Behavior [ RunTime:-0.124858s ]
INFO: Run ShowRuntime Behavior [ RunTime:-0.126723s ]
INFO: Run content_replace Behavior [ RunTime:-0.128509s ]
INFO: [ view_filter ] --END-- [ RunTime:0.010972s ]
INFO: [ view_end ] --START--
INFO: Run ShowPageTrace Behavior [ RunTime:-0.130815s ]
INFO: [ view_end ] --END-- [ RunTime:0.002620s ]

[ 2016-12-09T11:14:49+08:00 ] 192.168.3.30 /tyf/index.php?g=admin&m=index&a=left
INFO: [ app_begin ] --START--
INFO: Run ReadHtmlCache Behavior [ RunTime:0.000331s ]
INFO: Run check_ipban Behavior [ RunTime:-0.000021s ]
INFO: Run load_lang Behavior [ RunTime:-0.000873s ]
INFO: [ app_begin ] --END-- [ RunTime:0.002532s ]
SQL: SHOW COLUMNS FROM `weixin_menu` [ RunTime:0.004378s ]
SQL: SHOW COLUMNS FROM `weixin_menu` [ RunTime:0.003688s ]
SQL: SELECT * FROM `weixin_menu` WHERE (  ( `pid` = 70 ) ) AND ( `display` = 1 ) ORDER BY ordid  [ RunTime:0.000282s ]
SQL: SHOW COLUMNS FROM `weixin_item_order` [ RunTime:0.005035s ]
SQL: SELECT * FROM `weixin_menu` WHERE (  ( `pid` = 70 ) ) AND ( `display` = 1 ) ORDER BY ordid  [ RunTime:0.000326s ]
SQL: SELECT * FROM `weixin_menu` WHERE (  ( `pid` = 117 ) ) AND ( `display` = 1 ) ORDER BY ordid  [ RunTime:0.000235s ]
SQL: SELECT * FROM `weixin_menu` WHERE (  ( `pid` = 378 ) ) AND ( `display` = 1 ) ORDER BY ordid  [ RunTime:0.000220s ]
SQL: SELECT * FROM `weixin_menu` WHERE (  ( `pid` = 382 ) ) AND ( `display` = 1 ) ORDER BY ordid  [ RunTime:0.000214s ]
SQL: SELECT * FROM `weixin_menu` WHERE (  ( `pid` = 384 ) ) AND ( `display` = 1 ) ORDER BY ordid  [ RunTime:0.000215s ]
INFO: [ view_template ] --START--
INFO: Run basic_template Behavior [ RunTime:-0.041486s ]
INFO: [ view_template ] --END-- [ RunTime:0.001063s ]
INFO: [ view_parse ] --START--
INFO: Run ParseTemplate Behavior [ RunTime:-0.042575s ]
INFO: [ view_parse ] --END-- [ RunTime:0.006362s ]
INFO: [ view_filter ] --START--
INFO: Run ContentReplace Behavior [ RunTime:-0.048958s ]
INFO: Run TokenBuild Behavior [ RunTime:-0.049224s ]
INFO: Run WriteHtmlCache Behavior [ RunTime:-0.049515s ]
INFO: Run ShowRuntime Behavior [ RunTime:-0.049721s ]
INFO: Run content_replace Behavior [ RunTime:-0.050197s ]
INFO: [ view_filter ] --END-- [ RunTime:0.001639s ]
INFO: [ view_end ] --START--
INFO: Run ShowPageTrace Behavior [ RunTime:-0.050628s ]
INFO: [ view_end ] --END-- [ RunTime:0.000575s ]

[ 2016-12-09T11:16:09+08:00 ] 192.168.3.30 /tyf/index.php?g=admin&m=index&a=left
INFO: [ app_begin ] --START--
INFO: Run ReadHtmlCache Behavior [ RunTime:0.000334s ]
INFO: Run check_ipban Behavior [ RunTime:-0.000020s ]
INFO: Run load_lang Behavior [ RunTime:-0.000883s ]
INFO: [ app_begin ] --END-- [ RunTime:0.002532s ]
SQL: SHOW COLUMNS FROM `weixin_menu` [ RunTime:0.004192s ]
SQL: SHOW COLUMNS FROM `weixin_menu` [ RunTime:0.003640s ]
SQL: SELECT * FROM `weixin_menu` WHERE (  ( `pid` = 1 ) ) AND ( `display` = 1 ) ORDER BY ordid  [ RunTime:0.000303s ]
SQL: SHOW COLUMNS FROM `weixin_item_order` [ RunTime:0.005464s ]
SQL: SELECT * FROM `weixin_menu` WHERE (  ( `pid` = 1 ) ) AND ( `display` = 1 ) ORDER BY ordid  [ RunTime:0.000303s ]
SQL: SELECT * FROM `weixin_menu` WHERE (  ( `pid` = 2 ) ) AND ( `display` = 1 ) ORDER BY ordid  [ RunTime:0.000207s ]
SQL: SELECT * FROM `weixin_menu` WHERE (  ( `pid` = 60 ) ) AND ( `display` = 1 ) ORDER BY ordid  [ RunTime:0.000202s ]
SQL: SELECT * FROM `weixin_menu` WHERE (  ( `pid` = 300 ) ) AND ( `display` = 1 ) ORDER BY ordid  [ RunTime:0.000208s ]
INFO: [ view_template ] --START--
INFO: Run basic_template Behavior [ RunTime:-0.026867s ]
INFO: [ view_template ] --END-- [ RunTime:0.000845s ]
INFO: [ view_parse ] --START--
INFO: Run ParseTemplate Behavior [ RunTime:-0.027736s ]
INFO: [ view_parse ] --END-- [ RunTime:0.006986s ]
INFO: [ view_filter ] --START--
INFO: Run ContentReplace Behavior [ RunTime:-0.034743s ]
INFO: Run TokenBuild Behavior [ RunTime:-0.035018s ]
INFO: Run WriteHtmlCache Behavior [ RunTime:-0.035268s ]
INFO: Run ShowRuntime Behavior [ RunTime:-0.035494s ]
INFO: Run content_replace Behavior [ RunTime:-0.036003s ]
INFO: [ view_filter ] --END-- [ RunTime:0.001603s ]
INFO: [ view_end ] --START--
INFO: Run ShowPageTrace Behavior [ RunTime:-0.036379s ]
INFO: [ view_end ] --END-- [ RunTime:0.000600s ]

[ 2016-12-09T11:16:14+08:00 ] 192.168.3.30 /tyf/index.php?g=admin&m=index&a=left
INFO: [ app_begin ] --START--
INFO: Run ReadHtmlCache Behavior [ RunTime:0.000332s ]
INFO: Run check_ipban Behavior [ RunTime:-0.000019s ]
INFO: Run load_lang Behavior [ RunTime:-0.001060s ]
INFO: [ app_begin ] --END-- [ RunTime:0.002895s ]
SQL: SHOW COLUMNS FROM `weixin_menu` [ RunTime:0.004839s ]
SQL: SHOW COLUMNS FROM `weixin_menu` [ RunTime:0.003823s ]
SQL: SELECT * FROM `weixin_menu` WHERE (  ( `pid` = 340 ) ) AND ( `display` = 1 ) ORDER BY ordid  [ RunTime:0.000289s ]
SQL: SHOW COLUMNS FROM `weixin_item_order` [ RunTime:0.004521s ]
SQL: SELECT * FROM `weixin_menu` WHERE (  ( `pid` = 340 ) ) AND ( `display` = 1 ) ORDER BY ordid  [ RunTime:0.000287s ]
SQL: SELECT * FROM `weixin_menu` WHERE (  ( `pid` = 154 ) ) AND ( `display` = 1 ) ORDER BY ordid  [ RunTime:0.000253s ]
SQL: SELECT * FROM `weixin_menu` WHERE (  ( `pid` = 11 ) ) AND ( `display` = 1 ) ORDER BY ordid  [ RunTime:0.000223s ]
SQL: SELECT * FROM `weixin_menu` WHERE (  ( `pid` = 29 ) ) AND ( `display` = 1 ) ORDER BY ordid  [ RunTime:0.000228s ]
SQL: SELECT * FROM `weixin_menu` WHERE (  ( `pid` = 345 ) ) AND ( `display` = 1 ) ORDER BY ordid  [ RunTime:0.000276s ]
INFO: [ view_template ] --START--
INFO: Run basic_template Behavior [ RunTime:-0.026941s ]
INFO: [ view_template ] --END-- [ RunTime:0.001116s ]
INFO: [ view_parse ] --START--
INFO: Run ParseTemplate Behavior [ RunTime:-0.028092s ]
INFO: [ view_parse ] --END-- [ RunTime:0.008348s ]
INFO: [ view_filter ] --START--
INFO: Run ContentReplace Behavior [ RunTime:-0.036459s ]
INFO: Run TokenBuild Behavior [ RunTime:-0.036754s ]
INFO: Run WriteHtmlCache Behavior [ RunTime:-0.037003s ]
INFO: Run ShowRuntime Behavior [ RunTime:-0.037209s ]
INFO: Run content_replace Behavior [ RunTime:-0.037664s ]
INFO: [ view_filter ] --END-- [ RunTime:0.001539s ]
INFO: [ view_end ] --START--
INFO: Run ShowPageTrace Behavior [ RunTime:-0.038028s ]
INFO: [ view_end ] --END-- [ RunTime:0.000582s ]

[ 2016-12-09T11:16:23+08:00 ] 192.168.3.30 /tyf/index.php?g=admin&m=index&a=left
INFO: [ app_begin ] --START--
INFO: Run ReadHtmlCache Behavior [ RunTime:0.000334s ]
INFO: Run check_ipban Behavior [ RunTime:-0.000018s ]
INFO: Run load_lang Behavior [ RunTime:-0.000880s ]
INFO: [ app_begin ] --END-- [ RunTime:0.002550s ]
SQL: SHOW COLUMNS FROM `weixin_menu` [ RunTime:0.003840s ]
SQL: SHOW COLUMNS FROM `weixin_menu` [ RunTime:0.003579s ]
SQL: SELECT * FROM `weixin_menu` WHERE (  ( `pid` = 353 ) ) AND ( `display` = 1 ) ORDER BY ordid  [ RunTime:0.000269s ]
NOTIC: [2] Invalid argument supplied for foreach() G:\phpStudy\WWW\tyf\app\Lib\Action\backendAction.class.php 第 22 行.
NOTIC: [2] Invalid argument supplied for foreach() G:\phpStudy\WWW\tyf\app\Lib\Action\backendAction.class.php 第 29 行.
SQL: SHOW COLUMNS FROM `weixin_item_order` [ RunTime:0.004124s ]
SQL: SELECT * FROM `weixin_menu` WHERE (  ( `pid` = 353 ) ) AND ( `display` = 1 ) ORDER BY ordid  [ RunTime:0.000275s ]
SQL: SELECT * FROM `weixin_menu` WHERE (  ( `pid` = 354 ) ) AND ( `display` = 1 ) ORDER BY ordid  [ RunTime:0.000214s ]
INFO: [ view_template ] --START--
INFO: Run basic_template Behavior [ RunTime:-0.024216s ]
INFO: [ view_template ] --END-- [ RunTime:0.000808s ]
INFO: [ view_parse ] --START--
INFO: Run ParseTemplate Behavior [ RunTime:-0.025047s ]
INFO: [ view_parse ] --END-- [ RunTime:0.006611s ]
INFO: [ view_filter ] --START--
INFO: Run ContentReplace Behavior [ RunTime:-0.031680s ]
INFO: Run TokenBuild Behavior [ RunTime:-0.032114s ]
INFO: Run WriteHtmlCache Behavior [ RunTime:-0.032526s ]
INFO: Run ShowRuntime Behavior [ RunTime:-0.032881s ]
INFO: Run content_replace Behavior [ RunTime:-0.033321s ]
INFO: [ view_filter ] --END-- [ RunTime:0.001965s ]
INFO: [ view_end ] --START--
INFO: Run ShowPageTrace Behavior [ RunTime:-0.033675s ]
INFO: [ view_end ] --END-- [ RunTime:0.000367s ]

[ 2016-12-09T11:16:50+08:00 ] 192.168.3.30 /tyf/index.php?g=admin&m=index&a=left
INFO: [ app_begin ] --START--
INFO: Run ReadHtmlCache Behavior [ RunTime:0.000897s ]
INFO: Run check_ipban Behavior [ RunTime:-0.000030s ]
INFO: Run load_lang Behavior [ RunTime:-0.001953s ]
INFO: [ app_begin ] --END-- [ RunTime:0.005347s ]
SQL: SHOW COLUMNS FROM `weixin_menu` [ RunTime:0.006233s ]
SQL: SHOW COLUMNS FROM `weixin_menu` [ RunTime:0.006294s ]
SQL: SELECT * FROM `weixin_menu` WHERE (  ( `pid` = 359 ) ) AND ( `display` = 1 ) ORDER BY ordid  [ RunTime:0.000375s ]
NOTIC: [2] Invalid argument supplied for foreach() G:\phpStudy\WWW\tyf\app\Lib\Action\backendAction.class.php 第 22 行.
NOTIC: [2] Invalid argument supplied for foreach() G:\phpStudy\WWW\tyf\app\Lib\Action\backendAction.class.php 第 29 行.
SQL: SHOW COLUMNS FROM `weixin_item_order` [ RunTime:0.005333s ]
SQL: SELECT * FROM `weixin_menu` WHERE (  ( `pid` = 359 ) ) AND ( `display` = 1 ) ORDER BY ordid  [ RunTime:0.000357s ]
SQL: SELECT * FROM `weixin_menu` WHERE (  ( `pid` = 360 ) ) AND ( `display` = 1 ) ORDER BY ordid  [ RunTime:0.000276s ]
INFO: [ view_template ] --START--
INFO: Run basic_template Behavior [ RunTime:-18.776644s ]
INFO: [ view_template ] --END-- [ RunTime:0.002448s ]
INFO: [ view_parse ] --START--
INFO: Run ParseTemplate Behavior [ RunTime:-18.779144s ]
INFO: [ view_parse ] --END-- [ RunTime:0.021136s ]
INFO: [ view_filter ] --START--
INFO: Run ContentReplace Behavior [ RunTime:-18.800290s ]
INFO: Run TokenBuild Behavior [ RunTime:-18.800708s ]
INFO: Run WriteHtmlCache Behavior [ RunTime:-18.801115s ]
INFO: Run ShowRuntime Behavior [ RunTime:-18.801436s ]
INFO: Run content_replace Behavior [ RunTime:-18.801847s ]
INFO: [ view_filter ] --END-- [ RunTime:0.002036s ]
INFO: [ view_end ] --START--
INFO: Run ShowPageTrace Behavior [ RunTime:-18.802361s ]
INFO: [ view_end ] --END-- [ RunTime:0.000511s ]

[ 2016-12-09T11:16:50+08:00 ] 192.168.3.30 /tyf/index.php?g=admin&m=index&a=left
INFO: [ app_begin ] --START--
INFO: Run ReadHtmlCache Behavior [ RunTime:0.000355s ]
INFO: Run check_ipban Behavior [ RunTime:-0.000023s ]
INFO: Run load_lang Behavior [ RunTime:-0.000913s ]
INFO: [ app_begin ] --END-- [ RunTime:0.002661s ]
SQL: SHOW COLUMNS FROM `weixin_menu` [ RunTime:0.005292s ]
SQL: SHOW COLUMNS FROM `weixin_menu` [ RunTime:0.004453s ]
SQL: SELECT * FROM `weixin_menu` WHERE (  ( `pid` = 359 ) ) AND ( `display` = 1 ) ORDER BY ordid  [ RunTime:0.000268s ]
NOTIC: [2] Invalid argument supplied for foreach() G:\phpStudy\WWW\tyf\app\Lib\Action\backendAction.class.php 第 22 行.
NOTIC: [2] Invalid argument supplied for foreach() G:\phpStudy\WWW\tyf\app\Lib\Action\backendAction.class.php 第 29 行.
SQL: SHOW COLUMNS FROM `weixin_item_order` [ RunTime:0.006241s ]
SQL: SELECT * FROM `weixin_menu` WHERE (  ( `pid` = 359 ) ) AND ( `display` = 1 ) ORDER BY ordid  [ RunTime:0.000287s ]
SQL: SELECT * FROM `weixin_menu` WHERE (  ( `pid` = 360 ) ) AND ( `display` = 1 ) ORDER BY ordid  [ RunTime:0.000209s ]
INFO: [ view_template ] --START--
INFO: Run basic_template Behavior [ RunTime:-14.469188s ]
INFO: [ view_template ] --END-- [ RunTime:0.000576s ]
INFO: [ view_parse ] --START--
INFO: Run ParseTemplate Behavior [ RunTime:-14.469788s ]
INFO: [ view_parse ] --END-- [ RunTime:0.009642s ]
INFO: [ view_filter ] --START--
INFO: Run ContentReplace Behavior [ RunTime:-14.479451s ]
INFO: Run TokenBuild Behavior [ RunTime:-14.479907s ]
INFO: Run WriteHtmlCache Behavior [ RunTime:-14.480347s ]
INFO: Run ShowRuntime Behavior [ RunTime:-14.480916s ]
INFO: Run content_replace Behavior [ RunTime:-14.482326s ]
INFO: [ view_filter ] --END-- [ RunTime:0.003546s ]
INFO: [ view_end ] --START--
INFO: Run ShowPageTrace Behavior [ RunTime:-14.483255s ]
INFO: [ view_end ] --END-- [ RunTime:0.000622s ]

[ 2016-12-09T11:16:50+08:00 ] 192.168.3.30 /tyf/index.php?g=admin&m=index&a=left
INFO: [ app_begin ] --START--
INFO: Run ReadHtmlCache Behavior [ RunTime:0.000607s ]
INFO: Run check_ipban Behavior [ RunTime:-0.000019s ]
INFO: Run load_lang Behavior [ RunTime:-0.001325s ]
INFO: [ app_begin ] --END-- [ RunTime:0.004193s ]
SQL: SHOW COLUMNS FROM `weixin_menu` [ RunTime:0.003814s ]
SQL: SHOW COLUMNS FROM `weixin_menu` [ RunTime:0.004610s ]
SQL: SELECT * FROM `weixin_menu` WHERE (  ( `pid` = 359 ) ) AND ( `display` = 1 ) ORDER BY ordid  [ RunTime:0.000269s ]
NOTIC: [2] Invalid argument supplied for foreach() G:\phpStudy\WWW\tyf\app\Lib\Action\backendAction.class.php 第 22 行.
NOTIC: [2] Invalid argument supplied for foreach() G:\phpStudy\WWW\tyf\app\Lib\Action\backendAction.class.php 第 29 行.
SQL: SHOW COLUMNS FROM `weixin_item_order` [ RunTime:0.004522s ]
SQL: SELECT * FROM `weixin_menu` WHERE (  ( `pid` = 359 ) ) AND ( `display` = 1 ) ORDER BY ordid  [ RunTime:0.000297s ]
SQL: SELECT * FROM `weixin_menu` WHERE (  ( `pid` = 360 ) ) AND ( `display` = 1 ) ORDER BY ordid  [ RunTime:0.000221s ]
INFO: [ view_template ] --START--
INFO: Run basic_template Behavior [ RunTime:-14.249890s ]
INFO: [ view_template ] --END-- [ RunTime:0.001330s ]
INFO: [ view_parse ] --START--
INFO: Run ParseTemplate Behavior [ RunTime:-14.251250s ]
INFO: [ view_parse ] --END-- [ RunTime:0.008110s ]
INFO: [ view_filter ] --START--
INFO: Run ContentReplace Behavior [ RunTime:-14.259384s ]
INFO: Run TokenBuild Behavior [ RunTime:-14.259830s ]
INFO: Run WriteHtmlCache Behavior [ RunTime:-14.260221s ]
INFO: Run ShowRuntime Behavior [ RunTime:-14.260547s ]
INFO: Run content_replace Behavior [ RunTime:-14.260962s ]
INFO: [ view_filter ] --END-- [ RunTime:0.002026s ]
INFO: [ view_end ] --START--
INFO: Run ShowPageTrace Behavior [ RunTime:-14.261456s ]
INFO: [ view_end ] --END-- [ RunTime:0.000633s ]

[ 2016-12-09T11:16:50+08:00 ] 192.168.3.30 /tyf/index.php?g=admin&m=index&a=left
INFO: [ app_begin ] --START--
INFO: Run ReadHtmlCache Behavior [ RunTime:0.000376s ]
INFO: Run check_ipban Behavior [ RunTime:-0.000031s ]
INFO: Run load_lang Behavior [ RunTime:-0.001270s ]
INFO: [ app_begin ] --END-- [ RunTime:0.003539s ]
SQL: SHOW COLUMNS FROM `weixin_menu` [ RunTime:0.004755s ]
SQL: SHOW COLUMNS FROM `weixin_menu` [ RunTime:0.004251s ]
SQL: SELECT * FROM `weixin_menu` WHERE (  ( `pid` = 353 ) ) AND ( `display` = 1 ) ORDER BY ordid  [ RunTime:0.000317s ]
NOTIC: [2] Invalid argument supplied for foreach() G:\phpStudy\WWW\tyf\app\Lib\Action\backendAction.class.php 第 22 行.
NOTIC: [2] Invalid argument supplied for foreach() G:\phpStudy\WWW\tyf\app\Lib\Action\backendAction.class.php 第 29 行.
SQL: SHOW COLUMNS FROM `weixin_item_order` [ RunTime:0.004371s ]
SQL: SELECT * FROM `weixin_menu` WHERE (  ( `pid` = 353 ) ) AND ( `display` = 1 ) ORDER BY ordid  [ RunTime:0.000306s ]
SQL: SELECT * FROM `weixin_menu` WHERE (  ( `pid` = 354 ) ) AND ( `display` = 1 ) ORDER BY ordid  [ RunTime:0.000240s ]
INFO: [ view_template ] --START--
INFO: Run basic_template Behavior [ RunTime:-11.949694s ]
INFO: [ view_template ] --END-- [ RunTime:0.001126s ]
INFO: [ view_parse ] --START--
INFO: Run ParseTemplate Behavior [ RunTime:-11.950855s ]
INFO: [ view_parse ] --END-- [ RunTime:0.013196s ]
INFO: [ view_filter ] --START--
INFO: Run ContentReplace Behavior [ RunTime:-11.964088s ]
INFO: Run TokenBuild Behavior [ RunTime:-11.964517s ]
INFO: Run WriteHtmlCache Behavior [ RunTime:-11.964798s ]
INFO: Run ShowRuntime Behavior [ RunTime:-11.965011s ]
INFO: Run content_replace Behavior [ RunTime:-11.965502s ]
INFO: [ view_filter ] --END-- [ RunTime:0.001887s ]
INFO: [ view_end ] --START--
INFO: Run ShowPageTrace Behavior [ RunTime:-11.966013s ]
INFO: [ view_end ] --END-- [ RunTime:0.000930s ]

[ 2016-12-09T11:16:50+08:00 ] 192.168.3.30 /tyf/index.php?g=admin&m=index&a=left
INFO: [ app_begin ] --START--
INFO: Run ReadHtmlCache Behavior [ RunTime:0.000470s ]
INFO: Run check_ipban Behavior [ RunTime:-0.000027s ]
INFO: Run load_lang Behavior [ RunTime:-0.001030s ]
INFO: [ app_begin ] --END-- [ RunTime:0.002998s ]
SQL: SHOW COLUMNS FROM `weixin_menu` [ RunTime:0.004212s ]
SQL: SHOW COLUMNS FROM `weixin_menu` [ RunTime:0.003618s ]
SQL: SELECT * FROM `weixin_menu` WHERE (  ( `pid` = 353 ) ) AND ( `display` = 1 ) ORDER BY ordid  [ RunTime:0.000274s ]
NOTIC: [2] Invalid argument supplied for foreach() G:\phpStudy\WWW\tyf\app\Lib\Action\backendAction.class.php 第 22 行.
NOTIC: [2] Invalid argument supplied for foreach() G:\phpStudy\WWW\tyf\app\Lib\Action\backendAction.class.php 第 29 行.
SQL: SHOW COLUMNS FROM `weixin_item_order` [ RunTime:0.005228s ]
SQL: SELECT * FROM `weixin_menu` WHERE (  ( `pid` = 353 ) ) AND ( `display` = 1 ) ORDER BY ordid  [ RunTime:0.000312s ]
SQL: SELECT * FROM `weixin_menu` WHERE (  ( `pid` = 354 ) ) AND ( `display` = 1 ) ORDER BY ordid  [ RunTime:0.000285s ]
INFO: [ view_template ] --START--
INFO: Run basic_template Behavior [ RunTime:-11.750547s ]
INFO: [ view_template ] --END-- [ RunTime:0.001285s ]
INFO: [ view_parse ] --START--
INFO: Run ParseTemplate Behavior [ RunTime:-11.751860s ]
INFO: [ view_parse ] --END-- [ RunTime:0.007192s ]
INFO: [ view_filter ] --START--
INFO: Run ContentReplace Behavior [ RunTime:-11.759074s ]
INFO: Run TokenBuild Behavior [ RunTime:-11.759508s ]
INFO: Run WriteHtmlCache Behavior [ RunTime:-11.759763s ]
INFO: Run ShowRuntime Behavior [ RunTime:-11.760149s ]
INFO: Run content_replace Behavior [ RunTime:-11.760605s ]
INFO: [ view_filter ] --END-- [ RunTime:0.001862s ]
INFO: [ view_end ] --START--
INFO: Run ShowPageTrace Behavior [ RunTime:-11.760968s ]
INFO: [ view_end ] --END-- [ RunTime:0.000389s ]

[ 2016-12-09T11:16:50+08:00 ] 192.168.3.30 /tyf/index.php?g=admin&m=index&a=left
INFO: [ app_begin ] --START--
INFO: Run ReadHtmlCache Behavior [ RunTime:0.003214s ]
INFO: Run check_ipban Behavior [ RunTime:-0.000040s ]
INFO: Run load_lang Behavior [ RunTime:-0.001979s ]
INFO: [ app_begin ] --END-- [ RunTime:0.009924s ]
SQL: SHOW COLUMNS FROM `weixin_menu` [ RunTime:0.004555s ]
SQL: SHOW COLUMNS FROM `weixin_menu` [ RunTime:0.004258s ]
SQL: SELECT * FROM `weixin_menu` WHERE (  ( `pid` = 353 ) ) AND ( `display` = 1 ) ORDER BY ordid  [ RunTime:0.000334s ]
NOTIC: [2] Invalid argument supplied for foreach() G:\phpStudy\WWW\tyf\app\Lib\Action\backendAction.class.php 第 22 行.
NOTIC: [2] Invalid argument supplied for foreach() G:\phpStudy\WWW\tyf\app\Lib\Action\backendAction.class.php 第 29 行.
SQL: SHOW COLUMNS FROM `weixin_item_order` [ RunTime:0.005786s ]
SQL: SELECT * FROM `weixin_menu` WHERE (  ( `pid` = 353 ) ) AND ( `display` = 1 ) ORDER BY ordid  [ RunTime:0.000330s ]
SQL: SELECT * FROM `weixin_menu` WHERE (  ( `pid` = 354 ) ) AND ( `display` = 1 ) ORDER BY ordid  [ RunTime:0.000262s ]
INFO: [ view_template ] --START--
INFO: Run basic_template Behavior [ RunTime:-0.319901s ]
INFO: [ view_template ] --END-- [ RunTime:0.002072s ]
INFO: [ view_parse ] --START--
INFO: Run ParseTemplate Behavior [ RunTime:-0.322000s ]
INFO: [ view_parse ] --END-- [ RunTime:0.009743s ]
INFO: [ view_filter ] --START--
INFO: Run ContentReplace Behavior [ RunTime:-0.331766s ]
INFO: Run TokenBuild Behavior [ RunTime:-0.332443s ]
INFO: Run WriteHtmlCache Behavior [ RunTime:-0.333082s ]
INFO: Run ShowRuntime Behavior [ RunTime:-0.333662s ]
INFO: Run content_replace Behavior [ RunTime:-0.334317s ]
INFO: [ view_filter ] --END-- [ RunTime:0.003304s ]
INFO: [ view_end ] --START--
INFO: Run ShowPageTrace Behavior [ RunTime:-0.335103s ]
INFO: [ view_end ] --END-- [ RunTime:0.000757s ]

[ 2016-12-09T11:16:50+08:00 ] 192.168.3.30 /tyf/index.php?g=admin&m=index&a=left
INFO: [ app_begin ] --START--
INFO: Run ReadHtmlCache Behavior [ RunTime:0.000534s ]
INFO: Run check_ipban Behavior [ RunTime:-0.000042s ]
INFO: Run load_lang Behavior [ RunTime:-0.001814s ]
INFO: [ app_begin ] --END-- [ RunTime:0.005785s ]
SQL: SHOW COLUMNS FROM `weixin_menu` [ RunTime:0.003926s ]
SQL: SHOW COLUMNS FROM `weixin_menu` [ RunTime:0.004220s ]
SQL: SELECT * FROM `weixin_menu` WHERE (  ( `pid` = 353 ) ) AND ( `display` = 1 ) ORDER BY ordid  [ RunTime:0.000298s ]
NOTIC: [2] Invalid argument supplied for foreach() G:\phpStudy\WWW\tyf\app\Lib\Action\backendAction.class.php 第 22 行.
NOTIC: [2] Invalid argument supplied for foreach() G:\phpStudy\WWW\tyf\app\Lib\Action\backendAction.class.php 第 29 行.
SQL: SHOW COLUMNS FROM `weixin_item_order` [ RunTime:0.004191s ]
SQL: SELECT * FROM `weixin_menu` WHERE (  ( `pid` = 353 ) ) AND ( `display` = 1 ) ORDER BY ordid  [ RunTime:0.000290s ]
SQL: SELECT * FROM `weixin_menu` WHERE (  ( `pid` = 354 ) ) AND ( `display` = 1 ) ORDER BY ordid  [ RunTime:0.000222s ]
INFO: [ view_template ] --START--
INFO: Run basic_template Behavior [ RunTime:-0.285487s ]
INFO: [ view_template ] --END-- [ RunTime:0.000630s ]
INFO: [ view_parse ] --START--
INFO: Run ParseTemplate Behavior [ RunTime:-0.286143s ]
INFO: [ view_parse ] --END-- [ RunTime:0.005840s ]
INFO: [ view_filter ] --START--
INFO: Run ContentReplace Behavior [ RunTime:-0.292004s ]
INFO: Run TokenBuild Behavior [ RunTime:-0.292267s ]
INFO: Run WriteHtmlCache Behavior [ RunTime:-0.292515s ]
INFO: Run ShowRuntime Behavior [ RunTime:-0.292755s ]
INFO: Run content_replace Behavior [ RunTime:-0.293150s ]
INFO: [ view_filter ] --END-- [ RunTime:0.001596s ]
INFO: [ view_end ] --START--
INFO: Run ShowPageTrace Behavior [ RunTime:-0.293654s ]
INFO: [ view_end ] --END-- [ RunTime:0.000437s ]

[ 2016-12-09T11:16:50+08:00 ] 192.168.3.30 /tyf/index.php?g=admin&m=index&a=map
INFO: [ app_begin ] --START--
INFO: Run ReadHtmlCache Behavior [ RunTime:0.000386s ]
INFO: Run check_ipban Behavior [ RunTime:-0.000021s ]
INFO: Run load_lang Behavior [ RunTime:-0.000909s ]
INFO: [ app_begin ] --END-- [ RunTime:0.002649s ]
SQL: SHOW COLUMNS FROM `weixin_menu` [ RunTime:0.004382s ]
SQL: SHOW COLUMNS FROM `weixin_item_order` [ RunTime:0.004055s ]
SQL: SHOW COLUMNS FROM `weixin_menu` [ RunTime:0.003886s ]
SQL: SELECT * FROM `weixin_menu` WHERE (  ( `pid` = 0 ) ) AND ( `display` = 1 ) ORDER BY ordid  [ RunTime:0.000389s ]
SQL: SELECT * FROM `weixin_menu` WHERE (  ( `pid` = 1 ) ) AND ( `display` = 1 ) ORDER BY ordid  [ RunTime:0.000252s ]
SQL: SELECT * FROM `weixin_menu` WHERE (  ( `pid` = 2 ) ) AND ( `display` = 1 ) ORDER BY ordid  [ RunTime:0.000484s ]
SQL: SELECT * FROM `weixin_menu` WHERE (  ( `pid` = 60 ) ) AND ( `display` = 1 ) ORDER BY ordid  [ RunTime:0.000403s ]
SQL: SELECT * FROM `weixin_menu` WHERE (  ( `pid` = 300 ) ) AND ( `display` = 1 ) ORDER BY ordid  [ RunTime:0.000286s ]
SQL: SELECT * FROM `weixin_menu` WHERE (  ( `pid` = 50 ) ) AND ( `display` = 1 ) ORDER BY ordid  [ RunTime:0.000392s ]
SQL: SELECT * FROM `weixin_menu` WHERE (  ( `pid` = 51 ) ) AND ( `display` = 1 ) ORDER BY ordid  [ RunTime:0.000417s ]
SQL: SELECT * FROM `weixin_menu` WHERE (  ( `pid` = 295 ) ) AND ( `display` = 1 ) ORDER BY ordid  [ RunTime:0.000316s ]
SQL: SELECT * FROM `weixin_menu` WHERE (  ( `pid` = 70 ) ) AND ( `display` = 1 ) ORDER BY ordid  [ RunTime:0.000285s ]
SQL: SELECT * FROM `weixin_menu` WHERE (  ( `pid` = 117 ) ) AND ( `display` = 1 ) ORDER BY ordid  [ RunTime:0.000233s ]
SQL: SELECT * FROM `weixin_menu` WHERE (  ( `pid` = 378 ) ) AND ( `display` = 1 ) ORDER BY ordid  [ RunTime:0.000223s ]
SQL: SELECT * FROM `weixin_menu` WHERE (  ( `pid` = 382 ) ) AND ( `display` = 1 ) ORDER BY ordid  [ RunTime:0.000222s ]
SQL: SELECT * FROM `weixin_menu` WHERE (  ( `pid` = 384 ) ) AND ( `display` = 1 ) ORDER BY ordid  [ RunTime:0.000226s ]
SQL: SELECT * FROM `weixin_menu` WHERE (  ( `pid` = 340 ) ) AND ( `display` = 1 ) ORDER BY ordid  [ RunTime:0.000233s ]
SQL: SELECT * FROM `weixin_menu` WHERE (  ( `pid` = 154 ) ) AND ( `display` = 1 ) ORDER BY ordid  [ RunTime:0.000220s ]
SQL: SELECT * FROM `weixin_menu` WHERE (  ( `pid` = 11 ) ) AND ( `display` = 1 ) ORDER BY ordid  [ RunTime:0.000213s ]
SQL: SELECT * FROM `weixin_menu` WHERE (  ( `pid` = 29 ) ) AND ( `display` = 1 ) ORDER BY ordid  [ RunTime:0.000207s ]
SQL: SELECT * FROM `weixin_menu` WHERE (  ( `pid` = 345 ) ) AND ( `display` = 1 ) ORDER BY ordid  [ RunTime:0.000242s ]
SQL: SELECT * FROM `weixin_menu` WHERE (  ( `pid` = 353 ) ) AND ( `display` = 1 ) ORDER BY ordid  [ RunTime:0.000204s ]
SQL: SELECT * FROM `weixin_menu` WHERE (  ( `pid` = 354 ) ) AND ( `display` = 1 ) ORDER BY ordid  [ RunTime:0.000216s ]
SQL: SELECT * FROM `weixin_menu` WHERE (  ( `pid` = 359 ) ) AND ( `display` = 1 ) ORDER BY ordid  [ RunTime:0.000206s ]
SQL: SELECT * FROM `weixin_menu` WHERE (  ( `pid` = 360 ) ) AND ( `display` = 1 ) ORDER BY ordid  [ RunTime:0.000243s ]
SQL: SELECT * FROM `weixin_menu` WHERE (  ( `pid` = 364 ) ) AND ( `display` = 1 ) ORDER BY ordid  [ RunTime:0.000205s ]
SQL: SELECT * FROM `weixin_menu` WHERE (  ( `pid` = 365 ) ) AND ( `display` = 1 ) ORDER BY ordid  [ RunTime:0.000195s ]
INFO: [ view_template ] --START--
INFO: Run basic_template Behavior [ RunTime:-0.285744s ]
INFO: [ view_template ] --END-- [ RunTime:0.000918s ]
INFO: [ view_parse ] --START--
INFO: Run ParseTemplate Behavior [ RunTime:-0.286686s ]
INFO: [ view_parse ] --END-- [ RunTime:0.025868s ]
INFO: [ view_filter ] --START--
INFO: Run ContentReplace Behavior [ RunTime:-0.312577s ]
INFO: Run TokenBuild Behavior [ RunTime:-0.313158s ]
INFO: Run WriteHtmlCache Behavior [ RunTime:-0.313601s ]
INFO: Run ShowRuntime Behavior [ RunTime:-0.314002s ]
INFO: Run content_replace Behavior [ RunTime:-0.314485s ]
INFO: [ view_filter ] --END-- [ RunTime:0.002256s ]
INFO: [ view_end ] --START--
INFO: Run ShowPageTrace Behavior [ RunTime:-0.314868s ]
INFO: [ view_end ] --END-- [ RunTime:0.000379s ]

[ 2016-12-09T15:47:34+08:00 ] 192.168.3.30 /tyf/index.php?g=admin&m=index&a=left
INFO: [ app_begin ] --START--
INFO: Run ReadHtmlCache Behavior [ RunTime:0.208759s ]
INFO: Run check_ipban Behavior [ RunTime:-0.000686s ]
INFO: Run load_lang Behavior [ RunTime:-1.779365s ]
INFO: [ app_begin ] --END-- [ RunTime:2.465024s ]
SQL: SHOW COLUMNS FROM `weixin_menu` [ RunTime:0.330959s ]
SQL: SHOW COLUMNS FROM `weixin_menu` [ RunTime:0.027987s ]
SQL: SELECT * FROM `weixin_menu` WHERE (  ( `pid` = 340 ) ) AND ( `display` = 1 ) ORDER BY ordid  [ RunTime:0.118119s ]
SQL: SHOW COLUMNS FROM `weixin_item_order` [ RunTime:0.156397s ]
SQL: SELECT * FROM `weixin_menu` WHERE (  ( `pid` = 340 ) ) AND ( `display` = 1 ) ORDER BY ordid  [ RunTime:0.002083s ]
SQL: SELECT * FROM `weixin_menu` WHERE (  ( `pid` = 154 ) ) AND ( `display` = 1 ) ORDER BY ordid  [ RunTime:0.001162s ]
SQL: SELECT * FROM `weixin_menu` WHERE (  ( `pid` = 11 ) ) AND ( `display` = 1 ) ORDER BY ordid  [ RunTime:0.001125s ]
SQL: SELECT * FROM `weixin_menu` WHERE (  ( `pid` = 29 ) ) AND ( `display` = 1 ) ORDER BY ordid  [ RunTime:0.001027s ]
SQL: SELECT * FROM `weixin_menu` WHERE (  ( `pid` = 345 ) ) AND ( `display` = 1 ) ORDER BY ordid  [ RunTime:0.001288s ]
INFO: [ view_template ] --START--
INFO: Run basic_template Behavior [ RunTime:-5.407150s ]
INFO: [ view_template ] --END-- [ RunTime:0.056717s ]
INFO: [ view_parse ] --START--
INFO: Run ParseTemplate Behavior [ RunTime:-5.463870s ]
INFO: [ view_parse ] --END-- [ RunTime:0.253829s ]
INFO: [ view_filter ] --START--
INFO: Run ContentReplace Behavior [ RunTime:-5.717817s ]
INFO: Run TokenBuild Behavior [ RunTime:-5.735809s ]
INFO: Run WriteHtmlCache Behavior [ RunTime:-5.759451s ]
INFO: Run ShowRuntime Behavior [ RunTime:-5.780961s ]
INFO: Run content_replace Behavior [ RunTime:-5.792787s ]
INFO: [ view_filter ] --END-- [ RunTime:0.086058s ]
INFO: [ view_end ] --START--
INFO: Run ShowPageTrace Behavior [ RunTime:-5.803943s ]
INFO: [ view_end ] --END-- [ RunTime:0.013283s ]

[ 2016-12-09T15:49:14+08:00 ] 192.168.3.30 /tyf/index.php?g=admin&m=index&a=left
INFO: [ app_begin ] --START--
INFO: Run ReadHtmlCache Behavior [ RunTime:0.000589s ]
INFO: Run check_ipban Behavior [ RunTime:-0.000020s ]
INFO: Run load_lang Behavior [ RunTime:-0.001332s ]
INFO: [ app_begin ] --END-- [ RunTime:0.003644s ]
SQL: SHOW COLUMNS FROM `weixin_menu` [ RunTime:0.004852s ]
SQL: SHOW COLUMNS FROM `weixin_menu` [ RunTime:0.005826s ]
SQL: SELECT * FROM `weixin_menu` WHERE (  ( `pid` = 50 ) ) AND ( `display` = 1 ) ORDER BY ordid  [ RunTime:0.000342s ]
SQL: SHOW COLUMNS FROM `weixin_item_order` [ RunTime:0.004613s ]
SQL: SELECT * FROM `weixin_menu` WHERE (  ( `pid` = 50 ) ) AND ( `display` = 1 ) ORDER BY ordid  [ RunTime:0.000338s ]
SQL: SELECT * FROM `weixin_menu` WHERE (  ( `pid` = 51 ) ) AND ( `display` = 1 ) ORDER BY ordid  [ RunTime:0.000272s ]
SQL: SELECT * FROM `weixin_menu` WHERE (  ( `pid` = 295 ) ) AND ( `display` = 1 ) ORDER BY ordid  [ RunTime:0.000234s ]
INFO: [ view_template ] --START--
INFO: Run basic_template Behavior [ RunTime:-0.035920s ]
INFO: [ view_template ] --END-- [ RunTime:0.001777s ]
INFO: [ view_parse ] --START--
INFO: Run ParseTemplate Behavior [ RunTime:-0.037724s ]
INFO: [ view_parse ] --END-- [ RunTime:0.008277s ]
INFO: [ view_filter ] --START--
INFO: Run ContentReplace Behavior [ RunTime:-0.046037s ]
INFO: Run TokenBuild Behavior [ RunTime:-0.046640s ]
INFO: Run WriteHtmlCache Behavior [ RunTime:-0.047004s ]
INFO: Run ShowRuntime Behavior [ RunTime:-0.047416s ]
INFO: Run content_replace Behavior [ RunTime:-0.047904s ]
INFO: [ view_filter ] --END-- [ RunTime:0.002467s ]
INFO: [ view_end ] --START--
INFO: Run ShowPageTrace Behavior [ RunTime:-0.048539s ]
INFO: [ view_end ] --END-- [ RunTime:0.000530s ]

[ 2016-12-09T15:56:23+08:00 ] 192.168.3.30 /tyf/index.php?g=admin&m=index&a=left
INFO: [ app_begin ] --START--
INFO: Run ReadHtmlCache Behavior [ RunTime:0.000393s ]
INFO: Run check_ipban Behavior [ RunTime:-0.000023s ]
INFO: Run load_lang Behavior [ RunTime:-0.000900s ]
INFO: [ app_begin ] --END-- [ RunTime:0.002629s ]
SQL: SHOW COLUMNS FROM `weixin_menu` [ RunTime:0.003830s ]
SQL: SHOW COLUMNS FROM `weixin_menu` [ RunTime:0.004874s ]
SQL: SELECT * FROM `weixin_menu` WHERE (  ( `pid` = 70 ) ) AND ( `display` = 1 ) ORDER BY ordid  [ RunTime:0.000297s ]
SQL: SHOW COLUMNS FROM `weixin_item_order` [ RunTime:0.004512s ]
SQL: SELECT * FROM `weixin_menu` WHERE (  ( `pid` = 70 ) ) AND ( `display` = 1 ) ORDER BY ordid  [ RunTime:0.000365s ]
SQL: SELECT * FROM `weixin_menu` WHERE (  ( `pid` = 117 ) ) AND ( `display` = 1 ) ORDER BY ordid  [ RunTime:0.000258s ]
SQL: SELECT * FROM `weixin_menu` WHERE (  ( `pid` = 378 ) ) AND ( `display` = 1 ) ORDER BY ordid  [ RunTime:0.000216s ]
SQL: SELECT * FROM `weixin_menu` WHERE (  ( `pid` = 382 ) ) AND ( `display` = 1 ) ORDER BY ordid  [ RunTime:0.000200s ]
SQL: SELECT * FROM `weixin_menu` WHERE (  ( `pid` = 384 ) ) AND ( `display` = 1 ) ORDER BY ordid  [ RunTime:0.000189s ]
INFO: [ view_template ] --START--
INFO: Run basic_template Behavior [ RunTime:-0.031520s ]
INFO: [ view_template ] --END-- [ RunTime:0.001253s ]
INFO: [ view_parse ] --START--
INFO: Run ParseTemplate Behavior [ RunTime:-0.032800s ]
INFO: [ view_parse ] --END-- [ RunTime:0.007415s ]
INFO: [ view_filter ] --START--
INFO: Run ContentReplace Behavior [ RunTime:-0.040235s ]
INFO: Run TokenBuild Behavior [ RunTime:-0.040625s ]
INFO: Run WriteHtmlCache Behavior [ RunTime:-0.041021s ]
INFO: Run ShowRuntime Behavior [ RunTime:-0.041334s ]
INFO: Run content_replace Behavior [ RunTime:-0.041739s ]
INFO: [ view_filter ] --END-- [ RunTime:0.001964s ]
INFO: [ view_end ] --START--
INFO: Run ShowPageTrace Behavior [ RunTime:-0.042233s ]
INFO: [ view_end ] --END-- [ RunTime:0.000625s ]

[ 2016-12-09T15:56:27+08:00 ] 192.168.3.30 /tyf/index.php?g=admin&m=index&a=left
INFO: [ app_begin ] --START--
INFO: Run ReadHtmlCache Behavior [ RunTime:0.000524s ]
INFO: Run check_ipban Behavior [ RunTime:-0.000036s ]
INFO: Run load_lang Behavior [ RunTime:-0.001433s ]
INFO: [ app_begin ] --END-- [ RunTime:0.004136s ]
SQL: SHOW COLUMNS FROM `weixin_menu` [ RunTime:0.004373s ]
SQL: SHOW COLUMNS FROM `weixin_menu` [ RunTime:0.004250s ]
SQL: SELECT * FROM `weixin_menu` WHERE (  ( `pid` = 340 ) ) AND ( `display` = 1 ) ORDER BY ordid  [ RunTime:0.000315s ]
SQL: SHOW COLUMNS FROM `weixin_item_order` [ RunTime:0.005264s ]
SQL: SELECT * FROM `weixin_menu` WHERE (  ( `pid` = 340 ) ) AND ( `display` = 1 ) ORDER BY ordid  [ RunTime:0.000456s ]
SQL: SELECT * FROM `weixin_menu` WHERE (  ( `pid` = 154 ) ) AND ( `display` = 1 ) ORDER BY ordid  [ RunTime:0.000373s ]
SQL: SELECT * FROM `weixin_menu` WHERE (  ( `pid` = 11 ) ) AND ( `display` = 1 ) ORDER BY ordid  [ RunTime:0.000325s ]
SQL: SELECT * FROM `weixin_menu` WHERE (  ( `pid` = 29 ) ) AND ( `display` = 1 ) ORDER BY ordid  [ RunTime:0.000279s ]
SQL: SELECT * FROM `weixin_menu` WHERE (  ( `pid` = 345 ) ) AND ( `display` = 1 ) ORDER BY ordid  [ RunTime:0.000316s ]
INFO: [ view_template ] --START--
INFO: Run basic_template Behavior [ RunTime:-0.036318s ]
INFO: [ view_template ] --END-- [ RunTime:0.000585s ]
INFO: [ view_parse ] --START--
INFO: Run ParseTemplate Behavior [ RunTime:-0.036928s ]
INFO: [ view_parse ] --END-- [ RunTime:0.006565s ]
INFO: [ view_filter ] --START--
INFO: Run ContentReplace Behavior [ RunTime:-0.043534s ]
INFO: Run TokenBuild Behavior [ RunTime:-0.043914s ]
INFO: Run WriteHtmlCache Behavior [ RunTime:-0.044251s ]
INFO: Run ShowRuntime Behavior [ RunTime:-0.044504s ]
INFO: Run content_replace Behavior [ RunTime:-0.044864s ]
INFO: [ view_filter ] --END-- [ RunTime:0.001855s ]
INFO: [ view_end ] --START--
INFO: Run ShowPageTrace Behavior [ RunTime:-0.045431s ]
INFO: [ view_end ] --END-- [ RunTime:0.000788s ]

[ 2016-12-09T17:58:41+08:00 ] 192.168.3.30 /tyf/index.php?g=admin&m=index&a=left
INFO: [ app_begin ] --START--
INFO: Run ReadHtmlCache Behavior [ RunTime:0.013630s ]
INFO: Run check_ipban Behavior [ RunTime:-0.000040s ]
INFO: Run load_lang Behavior [ RunTime:-0.002307s ]
INFO: [ app_begin ] --END-- [ RunTime:0.023934s ]
SQL: SHOW COLUMNS FROM `weixin_menu` [ RunTime:0.032475s ]
SQL: SHOW COLUMNS FROM `weixin_item_order` [ RunTime:0.012435s ]
SQL: SELECT * FROM `weixin_menu` WHERE ( `often` = 1 )  [ RunTime:0.000382s ]
INFO: [ view_template ] --START--
INFO: Run basic_template Behavior [ RunTime:-3.925566s ]
INFO: [ view_template ] --END-- [ RunTime:0.002553s ]
INFO: [ view_parse ] --START--
NOTIC: [8] Undefined index: data G:\phpStudy\WWW\tyf\data\runtime\Cache\admin\f2060a97309747da5e15a6de56868020.php 第 3 行.
INFO: Run ParseTemplate Behavior [ RunTime:-3.928145s ]
INFO: [ view_parse ] --END-- [ RunTime:0.085394s ]
INFO: [ view_filter ] --START--
INFO: Run ContentReplace Behavior [ RunTime:-4.013583s ]
INFO: Run TokenBuild Behavior [ RunTime:-4.014395s ]
INFO: Run WriteHtmlCache Behavior [ RunTime:-4.015287s ]
INFO: Run ShowRuntime Behavior [ RunTime:-4.016001s ]
INFO: Run content_replace Behavior [ RunTime:-4.016842s ]
INFO: [ view_filter ] --END-- [ RunTime:0.004006s ]
INFO: [ view_end ] --START--
INFO: Run ShowPageTrace Behavior [ RunTime:-4.017620s ]
INFO: [ view_end ] --END-- [ RunTime:0.001039s ]

[ 2016-12-09T18:02:06+08:00 ] 192.168.3.30 /tyf/index.php?g=admin&m=index&a=left
INFO: [ app_begin ] --START--
INFO: Run ReadHtmlCache Behavior [ RunTime:0.000855s ]
INFO: Run check_ipban Behavior [ RunTime:-0.000022s ]
INFO: Run load_lang Behavior [ RunTime:-0.001740s ]
INFO: [ app_begin ] --END-- [ RunTime:0.004784s ]
SQL: SHOW COLUMNS FROM `weixin_menu` [ RunTime:0.005144s ]
SQL: SHOW COLUMNS FROM `weixin_menu` [ RunTime:0.004239s ]
SQL: SELECT * FROM `weixin_menu` WHERE (  ( `pid` = 50 ) ) AND ( `display` = 1 ) ORDER BY ordid  [ RunTime:0.000323s ]
SQL: SHOW COLUMNS FROM `weixin_item_order` [ RunTime:0.004808s ]
SQL: SELECT * FROM `weixin_menu` WHERE (  ( `pid` = 50 ) ) AND ( `display` = 1 ) ORDER BY ordid  [ RunTime:0.000376s ]
SQL: SELECT * FROM `weixin_menu` WHERE (  ( `pid` = 51 ) ) AND ( `display` = 1 ) ORDER BY ordid  [ RunTime:0.000269s ]
SQL: SELECT * FROM `weixin_menu` WHERE (  ( `pid` = 295 ) ) AND ( `display` = 1 ) ORDER BY ordid  [ RunTime:0.000289s ]
INFO: [ view_template ] --START--
INFO: Run basic_template Behavior [ RunTime:-0.037723s ]
INFO: [ view_template ] --END-- [ RunTime:0.001797s ]
INFO: [ view_parse ] --START--
INFO: Run ParseTemplate Behavior [ RunTime:-0.039545s ]
INFO: [ view_parse ] --END-- [ RunTime:0.008991s ]
INFO: [ view_filter ] --START--
INFO: Run ContentReplace Behavior [ RunTime:-0.048557s ]
INFO: Run TokenBuild Behavior [ RunTime:-0.049236s ]
INFO: Run WriteHtmlCache Behavior [ RunTime:-0.049852s ]
INFO: Run ShowRuntime Behavior [ RunTime:-0.050430s ]
INFO: Run content_replace Behavior [ RunTime:-0.051091s ]
INFO: [ view_filter ] --END-- [ RunTime:0.003170s ]
INFO: [ view_end ] --START--
INFO: Run ShowPageTrace Behavior [ RunTime:-0.051762s ]
INFO: [ view_end ] --END-- [ RunTime:0.000889s ]

