执行日期：2015-06-05-15:52:03
<xml><openid><![CDATA[oqsQMt8PR47GhDyVZCfJyplhE1zY]]>
</openid><out_trade_no>201506051505091880</out_trade_no>
<total_fee>1</total_fee>
<notify_url><![CDATA[http://hdl.gz-web.com/api/wxpay/notify_url.php]]></notify_url>
<trade_type><![CDATA[JSAPI]]></trade_type>
<body>201506051505091880</body><appid>
<![CDATA[wx0c3627198e2e93aa]]></appid>
<mch_id>1221761501</mch_id>
<spbill_create_ip><![CDATA[14.17.37.145]]></spbill_create_ip>
<nonce_str><![CDATA[t3hdd8loifqcfbti71tzcl2uam0m9oeh]]></nonce_str>
<sign><![CDATA[230368B9BA19828637F70DB2CCCD1FF1]]></sign>
</xml>

执行日期：2015-06-05-15:52:03
<xml><return_code><![CDATA[FAIL]]></return_code>
<return_msg><![CDATA[商户号错误，请使用微信商户号]]></return_msg>
</xml>

执行日期：2015-06-05-15:52:03
<xml><openid><![CDATA[oqsQMt8PR47GhDyVZCfJyplhE1zY]]></openid>
<out_trade_no>201506051505091880</out_trade_no>
<total_fee>1</total_fee>
<notify_url><![CDATA[http://hdl.gz-web.com/api/wxpay/notify_url.php]]></notify_url>
<trade_type><![CDATA[JSAPI]]></trade_type>
<body>201506051505091880</body>
<appid><![CDATA[wx0c3627198e2e93aa]]></appid>
<mch_id>1221761501</mch_id>
<spbill_create_ip><![CDATA[14.29.89.61]]></spbill_create_ip>
<nonce_str><![CDATA[5h3uk6t622vx56if6z17b3l10hqo9f4s]]></nonce_str>
<sign><![CDATA[87777F319D0F0F272A5DD6EF4356334C]]></sign>
</xml>

执行日期：2015-06-05-15:52:03
<xml><return_code><![CDATA[FAIL]]></return_code>
<return_msg><![CDATA[商户号错误，请使用微信商户号]]></return_msg>
</xml>

执行日期：2015-06-05-15:56:05
<xml><openid><![CDATA[oqsQMt8PR47GhDyVZCfJyplhE1zY]]></openid><out_trade_no>201506051519291000</out_trade_no><total_fee>1</total_fee><notify_url><![CDATA[http://hdl.gz-web.com/api/wxpay/notify_url.php]]></notify_url><trade_type><![CDATA[JSAPI]]></trade_type><body>201506051519291000</body><appid><![CDATA[wx0c3627198e2e93aa]]></appid><mch_id>10013972</mch_id><spbill_create_ip><![CDATA[14.17.37.145]]></spbill_create_ip><nonce_str><![CDATA[nhim0r4gum2be16husanv8igeqga55tc]]></nonce_str><sign><![CDATA[4745912BF29191BE63ACE20319ACEF67]]></sign></xml>

执行日期：2015-06-05-15:56:05
<xml><return_code><![CDATA[FAIL]]></return_code>
<return_msg><![CDATA[签名错误]]></return_msg>
</xml>

执行日期：2015-06-05-15:56:05
<xml><openid><![CDATA[oqsQMt8PR47GhDyVZCfJyplhE1zY]]></openid><out_trade_no>201506051519291000</out_trade_no><total_fee>1</total_fee><notify_url><![CDATA[http://hdl.gz-web.com/api/wxpay/notify_url.php]]></notify_url><trade_type><![CDATA[JSAPI]]></trade_type><body>201506051519291000</body><appid><![CDATA[wx0c3627198e2e93aa]]></appid><mch_id>10013972</mch_id><spbill_create_ip><![CDATA[14.29.89.61]]></spbill_create_ip><nonce_str><![CDATA[yqhxgr08p24lbujg0xlbxwzccp24n68e]]></nonce_str><sign><![CDATA[DA820399ABAE966BE6BC0AC83983EB02]]></sign></xml>

执行日期：2015-06-05-15:56:06
<xml><return_code><![CDATA[FAIL]]></return_code>
<return_msg><![CDATA[签名错误]]></return_msg>
</xml>

执行日期：2015-06-05-16:06:00
<xml><openid><![CDATA[oqsQMt8PR47GhDyVZCfJyplhE1zY]]></openid><out_trade_no>201506051605581218</out_trade_no><total_fee>1</total_fee><notify_url><![CDATA[http://hdl.gz-web.com/api/wxpay/notify_url.php]]></notify_url><trade_type><![CDATA[JSAPI]]></trade_type><body>201506051605581218</body><appid><![CDATA[wx0c3627198e2e93aa]]></appid><mch_id>10013972</mch_id><spbill_create_ip><![CDATA[14.17.37.145]]></spbill_create_ip><nonce_str><![CDATA[su0rwtfmh3fdbdtj90vy4j37c7sa7gd3]]></nonce_str><sign><![CDATA[39CFEE0970B40ACEF43F9203F3F689E3]]></sign></xml>

执行日期：2015-06-05-16:06:04
<xml><return_code><![CDATA[FAIL]]></return_code>
<return_msg><![CDATA[签名错误]]></return_msg>
</xml>

执行日期：2015-06-05-16:06:04
<xml><openid><![CDATA[oqsQMt8PR47GhDyVZCfJyplhE1zY]]></openid><out_trade_no>201506051605581218</out_trade_no><total_fee>1</total_fee><notify_url><![CDATA[http://hdl.gz-web.com/api/wxpay/notify_url.php]]></notify_url><trade_type><![CDATA[JSAPI]]></trade_type><body>201506051605581218</body><appid><![CDATA[wx0c3627198e2e93aa]]></appid><mch_id>10013972</mch_id><spbill_create_ip><![CDATA[14.29.89.61]]></spbill_create_ip><nonce_str><![CDATA[xynzb2tmxzf8wbprc9tmu3wugnw1xbuq]]></nonce_str><sign><![CDATA[CC9651FF3F6DBF5C32389D2EC17682DD]]></sign></xml>

执行日期：2015-06-05-16:06:05
<xml><return_code><![CDATA[FAIL]]></return_code>
<return_msg><![CDATA[签名错误]]></return_msg>
</xml>

执行日期：2015-06-05-16:09:10
<xml><openid><![CDATA[oqsQMt8PR47GhDyVZCfJyplhE1zY]]></openid><out_trade_no>201506051605581218</out_trade_no><total_fee>1</total_fee><notify_url><![CDATA[http://hdl.gz-web.com/api/wxpay/notify_url.php]]></notify_url><trade_type><![CDATA[JSAPI]]></trade_type><body>201506051605581218</body><appid><![CDATA[wx0c3627198e2e93aa]]></appid><mch_id>10013972</mch_id><spbill_create_ip><![CDATA[163.177.69.13]]></spbill_create_ip><nonce_str><![CDATA[7jvbltogmy3pvuxmvty5uc83wnryukek]]></nonce_str><sign><![CDATA[09AE04237894DA7E06AF808675AD485D]]></sign></xml>

执行日期：2015-06-05-16:09:11
<xml><return_code><![CDATA[SUCCESS]]></return_code>
<return_msg><![CDATA[OK]]></return_msg>
<appid><![CDATA[wx0c3627198e2e93aa]]></appid>
<mch_id><![CDATA[10013972]]></mch_id>
<nonce_str><![CDATA[O6zlqC3Ia3SnZvWR]]></nonce_str>
<sign><![CDATA[1EFA5CC2EC010D5B90F9824F73F151C6]]></sign>
<result_code><![CDATA[SUCCESS]]></result_code>
<prepay_id><![CDATA[wx2015060516091836ec160b990328670032]]></prepay_id>
<trade_type><![CDATA[JSAPI]]></trade_type>
</xml>

执行日期：2015-06-05-16:10:30
<xml><openid><![CDATA[oqsQMt8PR47GhDyVZCfJyplhE1zY]]></openid><out_trade_no>201506051605581218</out_trade_no><total_fee>1</total_fee><notify_url><![CDATA[http://hdl.gz-web.com/api/wxpay/notify_url.php]]></notify_url><trade_type><![CDATA[JSAPI]]></trade_type><body>201506051605581218</body><appid><![CDATA[wx0c3627198e2e93aa]]></appid><mch_id>10013972</mch_id><spbill_create_ip><![CDATA[14.17.37.145]]></spbill_create_ip><nonce_str><![CDATA[lfdxkmuoxi80sy2nelheevyu7xbrp54o]]></nonce_str><sign><![CDATA[F96976FECC9470DD514F2AF3BFE7586C]]></sign></xml>

执行日期：2015-06-05-16:10:31
<xml><return_code><![CDATA[SUCCESS]]></return_code>
<return_msg><![CDATA[OK]]></return_msg>
<appid><![CDATA[wx0c3627198e2e93aa]]></appid>
<mch_id><![CDATA[10013972]]></mch_id>
<nonce_str><![CDATA[g2oQ07I2HCIgrdRe]]></nonce_str>
<sign><![CDATA[BDF4AEF4CFEA6F38136A9708BF7B5A58]]></sign>
<result_code><![CDATA[SUCCESS]]></result_code>
<prepay_id><![CDATA[wx20150605161037ad1049b9b50972657741]]></prepay_id>
<trade_type><![CDATA[JSAPI]]></trade_type>
</xml>

